<?xml version="1.0" encoding="UTF-8"?>
<coverage generated="1760557613211" clover="3.2.0">
  <project timestamp="1760557613211" name="All files">
    <metrics statements="587" coveredstatements="458" conditionals="266" coveredconditionals="117" methods="51" coveredmethods="43" elements="904" coveredelements="618" complexity="0" loc="587" ncloc="587" packages="9" files="35" classes="35"/>
    <package name="backend">
      <metrics statements="38" coveredstatements="33" conditionals="11" coveredconditionals="1" methods="2" coveredmethods="1"/>
      <file name="app.js" path="D:\Reto Personal\NASA\backend\app.js">
        <metrics statements="38" coveredstatements="33" conditionals="11" coveredconditionals="1" methods="2" coveredmethods="1"/>
        <line num="1" count="13" type="cond" truecount="1" falsecount="1"/>
        <line num="3" count="13" type="stmt"/>
        <line num="4" count="13" type="stmt"/>
        <line num="5" count="13" type="stmt"/>
        <line num="6" count="13" type="stmt"/>
        <line num="7" count="13" type="stmt"/>
        <line num="8" count="13" type="stmt"/>
        <line num="9" count="13" type="stmt"/>
        <line num="11" count="13" type="stmt"/>
        <line num="12" count="13" type="stmt"/>
        <line num="15" count="13" type="stmt"/>
        <line num="16" count="13" type="stmt"/>
        <line num="17" count="13" type="stmt"/>
        <line num="18" count="13" type="stmt"/>
        <line num="19" count="13" type="stmt"/>
        <line num="21" count="13" type="stmt"/>
        <line num="22" count="13" type="stmt"/>
        <line num="25" count="13" type="stmt"/>
        <line num="26" count="13" type="stmt"/>
        <line num="29" count="13" type="stmt"/>
        <line num="32" count="13" type="stmt"/>
        <line num="35" count="13" type="stmt"/>
        <line num="38" count="13" type="stmt"/>
        <line num="39" count="13" type="stmt"/>
        <line num="40" count="13" type="stmt"/>
        <line num="44" count="13" type="stmt"/>
        <line num="45" count="13" type="stmt"/>
        <line num="46" count="13" type="stmt"/>
        <line num="47" count="13" type="stmt"/>
        <line num="48" count="13" type="stmt"/>
        <line num="51" count="13" type="stmt"/>
        <line num="54" count="13" type="stmt"/>
        <line num="55" count="0" type="stmt"/>
        <line num="56" count="0" type="cond" truecount="0" falsecount="3"/>
        <line num="57" count="0" type="cond" truecount="0" falsecount="2"/>
        <line num="58" count="0" type="cond" truecount="0" falsecount="4"/>
        <line num="59" count="0" type="stmt"/>
        <line num="62" count="13" type="stmt"/>
      </file>
    </package>
    <package name="backend.config">
      <metrics statements="14" coveredstatements="10" conditionals="8" coveredconditionals="4" methods="1" coveredmethods="1"/>
      <file name="db.js" path="D:\Reto Personal\NASA\backend\config\db.js">
        <metrics statements="5" coveredstatements="5" conditionals="2" coveredconditionals="1" methods="0" coveredmethods="0"/>
        <line num="1" count="13" type="stmt"/>
        <line num="3" count="13" type="cond" truecount="1" falsecount="1"/>
        <line num="4" count="13" type="stmt"/>
        <line num="6" count="13" type="stmt"/>
        <line num="19" count="13" type="stmt"/>
      </file>
      <file name="mailer.js" path="D:\Reto Personal\NASA\backend\config\mailer.js">
        <metrics statements="9" coveredstatements="5" conditionals="6" coveredconditionals="3" methods="1" coveredmethods="1"/>
        <line num="2" count="13" type="stmt"/>
        <line num="5" count="1" type="stmt"/>
        <line num="16" count="1" type="cond" truecount="1" falsecount="1"/>
        <line num="17" count="0" type="stmt"/>
        <line num="18" count="0" type="stmt"/>
        <line num="19" count="0" type="stmt"/>
        <line num="21" count="0" type="stmt"/>
        <line num="25" count="1" type="stmt"/>
        <line num="28" count="13" type="stmt"/>
      </file>
    </package>
    <package name="backend.controllers">
      <metrics statements="335" coveredstatements="222" conditionals="219" coveredconditionals="94" methods="27" coveredmethods="20"/>
      <file name="orderAdminController.js" path="D:\Reto Personal\NASA\backend\controllers\orderAdminController.js">
        <metrics statements="12" coveredstatements="10" conditionals="4" coveredconditionals="2" methods="1" coveredmethods="1"/>
        <line num="1" count="13" type="stmt"/>
        <line num="3" count="13" type="stmt"/>
        <line num="4" count="1" type="stmt"/>
        <line num="5" count="1" type="stmt"/>
        <line num="6" count="1" type="stmt"/>
        <line num="7" count="1" type="cond" truecount="1" falsecount="1"/>
        <line num="9" count="1" type="stmt"/>
        <line num="10" count="1" type="cond" truecount="1" falsecount="1"/>
        <line num="12" count="1" type="stmt"/>
        <line num="13" count="1" type="stmt"/>
        <line num="15" count="0" type="stmt"/>
        <line num="16" count="0" type="stmt"/>
      </file>
      <file name="orderController.js" path="D:\Reto Personal\NASA\backend\controllers\orderController.js">
        <metrics statements="43" coveredstatements="36" conditionals="20" coveredconditionals="11" methods="4" coveredmethods="4"/>
        <line num="1" count="13" type="stmt"/>
        <line num="2" count="13" type="stmt"/>
        <line num="4" count="13" type="stmt"/>
        <line num="5" count="6" type="stmt"/>
        <line num="6" count="6" type="stmt"/>
        <line num="7" count="6" type="stmt"/>
        <line num="8" count="6" type="cond" truecount="1" falsecount="1"/>
        <line num="9" count="6" type="cond" truecount="1" falsecount="1"/>
        <line num="12" count="6" type="stmt"/>
        <line num="13" count="6" type="stmt"/>
        <line num="14" count="6" type="stmt"/>
        <line num="15" count="6" type="cond" truecount="3" falsecount="1"/>
        <line num="16" count="6" type="cond" truecount="1" falsecount="1"/>
        <line num="17" count="6" type="cond" truecount="1" falsecount="1"/>
        <line num="19" count="6" type="stmt"/>
        <line num="20" count="6" type="stmt"/>
        <line num="23" count="6" type="stmt"/>
        <line num="25" count="6" type="stmt"/>
        <line num="33" count="6" type="stmt"/>
        <line num="34" count="6" type="cond" truecount="1" falsecount="1"/>
        <line num="35" count="6" type="stmt"/>
        <line num="36" count="6" type="stmt"/>
        <line num="40" count="6" type="stmt"/>
        <line num="42" count="6" type="stmt"/>
        <line num="43" count="6" type="stmt"/>
        <line num="45" count="0" type="stmt"/>
        <line num="46" count="0" type="stmt"/>
        <line num="47" count="0" type="cond" truecount="0" falsecount="2"/>
        <line num="51" count="13" type="stmt"/>
        <line num="52" count="1" type="stmt"/>
        <line num="53" count="1" type="stmt"/>
        <line num="54" count="1" type="stmt"/>
        <line num="59" count="1" type="stmt"/>
        <line num="61" count="0" type="stmt"/>
        <line num="62" count="0" type="stmt"/>
        <line num="66" count="13" type="stmt"/>
        <line num="67" count="1" type="stmt"/>
        <line num="68" count="1" type="stmt"/>
        <line num="69" count="1" type="stmt"/>
        <line num="73" count="1" type="cond" truecount="1" falsecount="1"/>
        <line num="74" count="1" type="stmt"/>
        <line num="76" count="0" type="stmt"/>
        <line num="77" count="0" type="stmt"/>
      </file>
      <file name="passwordResetController.js" path="D:\Reto Personal\NASA\backend\controllers\passwordResetController.js">
        <metrics statements="46" coveredstatements="22" conditionals="30" coveredconditionals="8" methods="5" coveredmethods="1"/>
        <line num="1" count="13" type="stmt"/>
        <line num="2" count="13" type="stmt"/>
        <line num="3" count="13" type="stmt"/>
        <line num="4" count="13" type="stmt"/>
        <line num="6" count="0" type="stmt"/>
        <line num="7" count="0" type="stmt"/>
        <line num="10" count="0" type="stmt"/>
        <line num="19" count="13" type="stmt"/>
        <line num="20" count="0" type="stmt"/>
        <line num="21" count="0" type="stmt"/>
        <line num="22" count="0" type="stmt"/>
        <line num="24" count="0" type="stmt"/>
        <line num="26" count="0" type="cond" truecount="0" falsecount="2"/>
        <line num="28" count="0" type="stmt"/>
        <line num="29" count="0" type="stmt"/>
        <line num="30" count="0" type="cond" truecount="0" falsecount="2"/>
        <line num="32" count="0" type="stmt"/>
        <line num="36" count="0" type="cond" truecount="0" falsecount="2"/>
        <line num="37" count="0" type="stmt"/>
        <line num="40" count="0" type="stmt"/>
        <line num="41" count="0" type="cond" truecount="0" falsecount="2"/>
        <line num="42" count="0" type="stmt"/>
        <line num="54" count="0" type="stmt"/>
        <line num="56" count="0" type="stmt"/>
        <line num="57" count="0" type="stmt"/>
        <line num="62" count="13" type="stmt"/>
        <line num="63" count="1" type="stmt"/>
        <line num="64" count="1" type="stmt"/>
        <line num="65" count="1" type="stmt"/>
        <line num="67" count="1" type="stmt"/>
        <line num="68" count="1" type="cond" truecount="1" falsecount="1"/>
        <line num="69" count="1" type="cond" truecount="1" falsecount="1"/>
        <line num="70" count="1" type="cond" truecount="1" falsecount="1"/>
        <line num="71" count="1" type="cond" truecount="3" falsecount="1"/>
        <line num="73" count="1" type="stmt"/>
        <line num="74" count="1" type="cond" truecount="1" falsecount="1"/>
        <line num="75" count="0" type="cond" truecount="0" falsecount="2"/>
        <line num="76" count="0" type="stmt"/>
        <line num="79" count="1" type="stmt"/>
        <line num="80" count="1" type="cond" truecount="1" falsecount="1"/>
        <line num="82" count="1" type="stmt"/>
        <line num="83" count="1" type="stmt"/>
        <line num="85" count="1" type="stmt"/>
        <line num="87" count="1" type="stmt"/>
        <line num="89" count="0" type="stmt"/>
        <line num="90" count="0" type="stmt"/>
      </file>
      <file name="paymentController.js" path="D:\Reto Personal\NASA\backend\controllers\paymentController.js">
        <metrics statements="58" coveredstatements="45" conditionals="48" coveredconditionals="26" methods="3" coveredmethods="3"/>
        <line num="1" count="13" type="stmt"/>
        <line num="2" count="13" type="stmt"/>
        <line num="5" count="1" type="cond" truecount="1" falsecount="1"/>
        <line num="6" count="1" type="cond" truecount="1" falsecount="1"/>
        <line num="7" count="1" type="cond" truecount="1" falsecount="1"/>
        <line num="8" count="1" type="stmt"/>
        <line num="13" count="13" type="stmt"/>
        <line num="14" count="4" type="stmt"/>
        <line num="15" count="4" type="stmt"/>
        <line num="16" count="4" type="stmt"/>
        <line num="17" count="4" type="stmt"/>
        <line num="18" count="4" type="cond" truecount="1" falsecount="1"/>
        <line num="20" count="4" type="cond" truecount="0" falsecount="2"/>
        <line num="23" count="4" type="stmt"/>
        <line num="24" count="4" type="cond" truecount="2" falsecount="0"/>
        <line num="25" count="1" type="stmt"/>
        <line num="26" count="1" type="stmt"/>
        <line num="29" count="3" type="stmt"/>
        <line num="30" count="3" type="cond" truecount="1" falsecount="1"/>
        <line num="31" count="3" type="cond" truecount="2" falsecount="2"/>
        <line num="33" count="0" type="stmt"/>
        <line num="34" count="0" type="stmt"/>
        <line num="38" count="3" type="stmt"/>
        <line num="44" count="3" type="cond" truecount="1" falsecount="1"/>
        <line num="45" count="0" type="stmt"/>
        <line num="46" count="3" type="cond" truecount="2" falsecount="0"/>
        <line num="50" count="2" type="cond" truecount="1" falsecount="1"/>
        <line num="51" count="2" type="stmt"/>
        <line num="53" count="2" type="stmt"/>
        <line num="56" count="3" type="stmt"/>
        <line num="57" count="3" type="stmt"/>
        <line num="59" count="0" type="stmt"/>
        <line num="60" count="0" type="stmt"/>
        <line num="61" count="0" type="cond" truecount="0" falsecount="2"/>
        <line num="62" count="0" type="stmt"/>
        <line num="64" count="0" type="stmt"/>
        <line num="71" count="13" type="stmt"/>
        <line num="72" count="1" type="stmt"/>
        <line num="73" count="1" type="stmt"/>
        <line num="74" count="1" type="stmt"/>
        <line num="75" count="1" type="cond" truecount="1" falsecount="1"/>
        <line num="76" count="1" type="cond" truecount="1" falsecount="1"/>
        <line num="78" count="1" type="stmt"/>
        <line num="79" count="1" type="cond" truecount="3" falsecount="1"/>
        <line num="80" count="0" type="stmt"/>
        <line num="83" count="1" type="stmt"/>
        <line num="84" count="1" type="cond" truecount="1" falsecount="1"/>
        <line num="87" count="1" type="cond" truecount="1" falsecount="1"/>
        <line num="90" count="1" type="stmt"/>
        <line num="93" count="1" type="cond" truecount="4" falsecount="1"/>
        <line num="94" count="1" type="stmt"/>
        <line num="96" count="1" type="cond" truecount="2" falsecount="3"/>
        <line num="97" count="0" type="stmt"/>
        <line num="100" count="1" type="stmt"/>
        <line num="101" count="1" type="stmt"/>
        <line num="103" count="0" type="stmt"/>
        <line num="104" count="0" type="stmt"/>
        <line num="105" count="0" type="stmt"/>
      </file>
      <file name="productController.js" path="D:\Reto Personal\NASA\backend\controllers\productController.js">
        <metrics statements="51" coveredstatements="30" conditionals="28" coveredconditionals="8" methods="5" coveredmethods="4"/>
        <line num="1" count="13" type="stmt"/>
        <line num="2" count="13" type="stmt"/>
        <line num="5" count="13" type="stmt"/>
        <line num="6" count="1" type="stmt"/>
        <line num="7" count="1" type="cond" truecount="0" falsecount="4"/>
        <line num="9" count="1" type="stmt"/>
        <line num="10" count="1" type="cond" truecount="1" falsecount="1"/>
        <line num="11" count="1" type="cond" truecount="3" falsecount="1"/>
        <line num="12" count="0" type="stmt"/>
        <line num="13" count="0" type="cond" truecount="0" falsecount="2"/>
        <line num="14" count="0" type="cond" truecount="0" falsecount="2"/>
        <line num="16" count="1" type="cond" truecount="1" falsecount="1"/>
        <line num="18" count="1" type="stmt"/>
        <line num="19" count="1" type="stmt"/>
        <line num="20" count="1" type="stmt"/>
        <line num="24" count="1" type="stmt"/>
        <line num="35" count="0" type="stmt"/>
        <line num="36" count="0" type="stmt"/>
        <line num="41" count="13" type="stmt"/>
        <line num="42" count="0" type="stmt"/>
        <line num="43" count="0" type="stmt"/>
        <line num="44" count="0" type="cond" truecount="0" falsecount="2"/>
        <line num="45" count="0" type="stmt"/>
        <line num="47" count="0" type="stmt"/>
        <line num="48" count="0" type="stmt"/>
        <line num="53" count="13" type="stmt"/>
        <line num="54" count="1" type="stmt"/>
        <line num="55" count="1" type="stmt"/>
        <line num="56" count="1" type="stmt"/>
        <line num="58" count="0" type="stmt"/>
        <line num="60" count="0" type="cond" truecount="0" falsecount="2"/>
        <line num="61" count="0" type="stmt"/>
        <line num="63" count="0" type="stmt"/>
        <line num="68" count="13" type="stmt"/>
        <line num="69" count="1" type="stmt"/>
        <line num="70" count="1" type="stmt"/>
        <line num="71" count="1" type="cond" truecount="1" falsecount="1"/>
        <line num="72" count="1" type="stmt"/>
        <line num="73" count="1" type="stmt"/>
        <line num="75" count="0" type="stmt"/>
        <line num="76" count="0" type="cond" truecount="0" falsecount="2"/>
        <line num="77" count="0" type="stmt"/>
        <line num="79" count="0" type="stmt"/>
        <line num="84" count="13" type="stmt"/>
        <line num="85" count="1" type="stmt"/>
        <line num="86" count="1" type="stmt"/>
        <line num="87" count="1" type="cond" truecount="1" falsecount="1"/>
        <line num="88" count="1" type="stmt"/>
        <line num="89" count="1" type="stmt"/>
        <line num="91" count="0" type="stmt"/>
        <line num="92" count="0" type="stmt"/>
      </file>
      <file name="ratingController.js" path="D:\Reto Personal\NASA\backend\controllers\ratingController.js">
        <metrics statements="29" coveredstatements="23" conditionals="22" coveredconditionals="13" methods="2" coveredmethods="2"/>
        <line num="1" count="13" type="stmt"/>
        <line num="2" count="13" type="stmt"/>
        <line num="5" count="13" type="stmt"/>
        <line num="6" count="3" type="stmt"/>
        <line num="7" count="3" type="stmt"/>
        <line num="8" count="3" type="stmt"/>
        <line num="9" count="3" type="stmt"/>
        <line num="12" count="3" type="stmt"/>
        <line num="13" count="3" type="cond" truecount="2" falsecount="0"/>
        <line num="14" count="1" type="stmt"/>
        <line num="18" count="2" type="stmt"/>
        <line num="23" count="2" type="cond" truecount="2" falsecount="0"/>
        <line num="24" count="1" type="cond" truecount="1" falsecount="1"/>
        <line num="28" count="2" type="stmt"/>
        <line num="34" count="2" type="cond" truecount="2" falsecount="0"/>
        <line num="46" count="0" type="stmt"/>
        <line num="48" count="0" type="cond" truecount="0" falsecount="2"/>
        <line num="49" count="0" type="stmt"/>
        <line num="51" count="0" type="stmt"/>
        <line num="56" count="13" type="stmt"/>
        <line num="57" count="1" type="stmt"/>
        <line num="58" count="1" type="stmt"/>
        <line num="59" count="1" type="cond" truecount="1" falsecount="1"/>
        <line num="60" count="1" type="cond" truecount="1" falsecount="1"/>
        <line num="62" count="1" type="stmt"/>
        <line num="64" count="1" type="stmt"/>
        <line num="79" count="1" type="stmt"/>
        <line num="90" count="0" type="stmt"/>
        <line num="91" count="0" type="stmt"/>
      </file>
      <file name="userController.js" path="D:\Reto Personal\NASA\backend\controllers\userController.js">
        <metrics statements="96" coveredstatements="56" conditionals="67" coveredconditionals="26" methods="7" coveredmethods="5"/>
        <line num="1" count="13" type="stmt"/>
        <line num="2" count="13" type="stmt"/>
        <line num="3" count="13" type="stmt"/>
        <line num="4" count="13" type="stmt"/>
        <line num="5" count="13" type="stmt"/>
        <line num="9" count="1" type="stmt"/>
        <line num="13" count="1" type="stmt"/>
        <line num="19" count="13" type="stmt"/>
        <line num="20" count="2" type="stmt"/>
        <line num="21" count="2" type="stmt"/>
        <line num="22" count="2" type="cond" truecount="3" falsecount="1"/>
        <line num="23" count="2" type="stmt"/>
        <line num="25" count="2" type="stmt"/>
        <line num="26" count="2" type="cond" truecount="1" falsecount="1"/>
        <line num="28" count="2" type="cond" truecount="2" falsecount="2"/>
        <line num="29" count="0" type="stmt"/>
        <line num="32" count="2" type="stmt"/>
        <line num="33" count="2" type="cond" truecount="1" falsecount="1"/>
        <line num="34" count="0" type="cond" truecount="0" falsecount="2"/>
        <line num="35" count="0" type="stmt"/>
        <line num="36" count="0" type="cond" truecount="0" falsecount="2"/>
        <line num="37" count="0" type="stmt"/>
        <line num="38" count="0" type="stmt"/>
        <line num="41" count="2" type="stmt"/>
        <line num="42" count="2" type="stmt"/>
        <line num="43" count="2" type="stmt"/>
        <line num="45" count="0" type="stmt"/>
        <line num="46" count="0" type="stmt"/>
        <line num="51" count="13" type="stmt"/>
        <line num="52" count="0" type="stmt"/>
        <line num="53" count="0" type="stmt"/>
        <line num="56" count="0" type="cond" truecount="0" falsecount="2"/>
        <line num="57" count="0" type="stmt"/>
        <line num="59" count="0" type="stmt"/>
        <line num="60" count="0" type="stmt"/>
        <line num="66" count="13" type="stmt"/>
        <line num="67" count="0" type="stmt"/>
        <line num="68" count="0" type="stmt"/>
        <line num="69" count="0" type="cond" truecount="0" falsecount="5"/>
        <line num="70" count="0" type="stmt"/>
        <line num="72" count="0" type="stmt"/>
        <line num="75" count="0" type="stmt"/>
        <line num="76" count="0" type="cond" truecount="0" falsecount="2"/>
        <line num="79" count="0" type="stmt"/>
        <line num="80" count="0" type="stmt"/>
        <line num="81" count="0" type="stmt"/>
        <line num="82" count="0" type="cond" truecount="0" falsecount="2"/>
        <line num="85" count="0" type="stmt"/>
        <line num="89" count="0" type="cond" truecount="0" falsecount="2"/>
        <line num="90" count="0" type="stmt"/>
        <line num="102" count="0" type="stmt"/>
        <line num="103" count="0" type="cond" truecount="0" falsecount="2"/>
        <line num="104" count="0" type="stmt"/>
        <line num="118" count="0" type="stmt"/>
        <line num="120" count="0" type="stmt"/>
        <line num="121" count="0" type="stmt"/>
        <line num="126" count="13" type="stmt"/>
        <line num="127" count="1" type="stmt"/>
        <line num="128" count="1" type="stmt"/>
        <line num="129" count="1" type="cond" truecount="3" falsecount="1"/>
        <line num="130" count="1" type="stmt"/>
        <line num="132" count="1" type="stmt"/>
        <line num="133" count="1" type="cond" truecount="1" falsecount="1"/>
        <line num="134" count="1" type="cond" truecount="1" falsecount="1"/>
        <line num="135" count="1" type="cond" truecount="1" falsecount="1"/>
        <line num="136" count="1" type="cond" truecount="3" falsecount="1"/>
        <line num="138" count="1" type="stmt"/>
        <line num="139" count="1" type="cond" truecount="1" falsecount="1"/>
        <line num="140" count="0" type="cond" truecount="0" falsecount="2"/>
        <line num="141" count="0" type="stmt"/>
        <line num="145" count="1" type="stmt"/>
        <line num="146" count="1" type="cond" truecount="1" falsecount="1"/>
        <line num="148" count="1" type="stmt"/>
        <line num="157" count="1" type="stmt"/>
        <line num="159" count="1" type="stmt"/>
        <line num="160" count="1" type="stmt"/>
        <line num="162" count="0" type="stmt"/>
        <line num="163" count="0" type="stmt"/>
        <line num="168" count="13" type="stmt"/>
        <line num="169" count="1" type="stmt"/>
        <line num="170" count="1" type="stmt"/>
        <line num="171" count="1" type="cond" truecount="1" falsecount="1"/>
        <line num="172" count="1" type="stmt"/>
        <line num="174" count="1" type="stmt"/>
        <line num="175" count="1" type="cond" truecount="1" falsecount="1"/>
        <line num="176" count="1" type="cond" truecount="1" falsecount="1"/>
        <line num="178" count="1" type="stmt"/>
        <line num="179" count="1" type="stmt"/>
        <line num="180" count="1" type="cond" truecount="1" falsecount="1"/>
        <line num="181" count="1" type="stmt"/>
        <line num="183" count="1" type="stmt"/>
        <line num="184" count="1" type="cond" truecount="2" falsecount="0"/>
        <line num="185" count="1" type="stmt"/>
        <line num="197" count="1" type="stmt"/>
        <line num="199" count="0" type="stmt"/>
        <line num="200" count="0" type="stmt"/>
      </file>
    </package>
    <package name="backend.middleware">
      <metrics statements="30" coveredstatements="23" conditionals="23" coveredconditionals="15" methods="3" coveredmethods="3"/>
      <file name="auth.js" path="D:\Reto Personal\NASA\backend\middleware\auth.js">
        <metrics statements="15" coveredstatements="10" conditionals="13" coveredconditionals="8" methods="1" coveredmethods="1"/>
        <line num="2" count="13" type="stmt"/>
        <line num="4" count="13" type="stmt"/>
        <line num="5" count="20" type="stmt"/>
        <line num="6" count="20" type="cond" truecount="1" falsecount="1"/>
        <line num="7" count="20" type="stmt"/>
        <line num="9" count="20" type="cond" truecount="3" falsecount="1"/>
        <line num="10" count="0" type="stmt"/>
        <line num="13" count="20" type="stmt"/>
        <line num="15" count="20" type="cond" truecount="4" falsecount="1"/>
        <line num="16" count="0" type="stmt"/>
        <line num="19" count="20" type="stmt"/>
        <line num="20" count="20" type="stmt"/>
        <line num="23" count="0" type="cond" truecount="0" falsecount="2"/>
        <line num="24" count="0" type="stmt"/>
        <line num="26" count="0" type="stmt"/>
      </file>
      <file name="limits.js" path="D:\Reto Personal\NASA\backend\middleware\limits.js">
        <metrics statements="4" coveredstatements="4" conditionals="0" coveredconditionals="0" methods="0" coveredmethods="0"/>
        <line num="2" count="13" type="stmt"/>
        <line num="4" count="13" type="stmt"/>
        <line num="11" count="13" type="stmt"/>
        <line num="18" count="13" type="stmt"/>
      </file>
      <file name="requireAdmin.js" path="D:\Reto Personal\NASA\backend\middleware\requireAdmin.js">
        <metrics statements="11" coveredstatements="9" conditionals="10" coveredconditionals="7" methods="2" coveredmethods="2"/>
        <line num="2" count="13" type="stmt"/>
        <line num="3" count="5" type="stmt"/>
        <line num="4" count="5" type="cond" truecount="3" falsecount="1"/>
        <line num="6" count="5" type="cond" truecount="1" falsecount="1"/>
        <line num="8" count="5" type="stmt"/>
        <line num="11" count="5" type="cond" truecount="1" falsecount="1"/>
        <line num="12" count="5" type="cond" truecount="2" falsecount="0"/>
        <line num="13" count="1" type="stmt"/>
        <line num="16" count="4" type="stmt"/>
        <line num="18" count="0" type="stmt"/>
        <line num="19" count="0" type="stmt"/>
      </file>
    </package>
    <package name="backend.models">
      <metrics statements="48" coveredstatements="48" conditionals="0" coveredconditionals="0" methods="13" coveredmethods="13"/>
      <file name="index.js" path="D:\Reto Personal\NASA\backend\models\index.js">
        <metrics statements="24" coveredstatements="24" conditionals="0" coveredconditionals="0" methods="0" coveredmethods="0"/>
        <line num="1" count="13" type="stmt"/>
        <line num="2" count="13" type="stmt"/>
        <line num="5" count="13" type="stmt"/>
        <line num="6" count="13" type="stmt"/>
        <line num="7" count="13" type="stmt"/>
        <line num="10" count="13" type="stmt"/>
        <line num="11" count="13" type="stmt"/>
        <line num="12" count="13" type="stmt"/>
        <line num="13" count="13" type="stmt"/>
        <line num="14" count="13" type="stmt"/>
        <line num="15" count="13" type="stmt"/>
        <line num="16" count="13" type="stmt"/>
        <line num="17" count="13" type="stmt"/>
        <line num="20" count="13" type="stmt"/>
        <line num="21" count="13" type="stmt"/>
        <line num="23" count="13" type="stmt"/>
        <line num="24" count="13" type="stmt"/>
        <line num="26" count="13" type="stmt"/>
        <line num="27" count="13" type="stmt"/>
        <line num="29" count="13" type="stmt"/>
        <line num="30" count="13" type="stmt"/>
        <line num="32" count="13" type="stmt"/>
        <line num="33" count="13" type="stmt"/>
        <line num="36" count="13" type="stmt"/>
      </file>
      <file name="order.js" path="D:\Reto Personal\NASA\backend\models\order.js">
        <metrics statements="3" coveredstatements="3" conditionals="0" coveredconditionals="0" methods="2" coveredmethods="2"/>
        <line num="1" count="13" type="stmt"/>
        <line num="2" count="13" type="stmt"/>
        <line num="6" count="6" type="stmt"/>
      </file>
      <file name="order_detail.js" path="D:\Reto Personal\NASA\backend\models\order_detail.js">
        <metrics statements="3" coveredstatements="3" conditionals="0" coveredconditionals="0" methods="2" coveredmethods="2"/>
        <line num="1" count="13" type="stmt"/>
        <line num="2" count="13" type="stmt"/>
        <line num="8" count="1" type="stmt"/>
      </file>
      <file name="payment_intent.js" path="D:\Reto Personal\NASA\backend\models\payment_intent.js">
        <metrics statements="3" coveredstatements="3" conditionals="0" coveredconditionals="0" methods="2" coveredmethods="2"/>
        <line num="1" count="13" type="stmt"/>
        <line num="2" count="13" type="stmt"/>
        <line num="5" count="4" type="stmt"/>
      </file>
      <file name="pending_reset.js" path="D:\Reto Personal\NASA\backend\models\pending_reset.js">
        <metrics statements="2" coveredstatements="2" conditionals="0" coveredconditionals="0" methods="1" coveredmethods="1"/>
        <line num="1" count="13" type="stmt"/>
        <line num="2" count="13" type="stmt"/>
      </file>
      <file name="pending_user.js" path="D:\Reto Personal\NASA\backend\models\pending_user.js">
        <metrics statements="3" coveredstatements="3" conditionals="0" coveredconditionals="0" methods="1" coveredmethods="1"/>
        <line num="3" count="13" type="stmt"/>
        <line num="4" count="13" type="stmt"/>
        <line num="55" count="13" type="stmt"/>
      </file>
      <file name="product.js" path="D:\Reto Personal\NASA\backend\models\product.js">
        <metrics statements="4" coveredstatements="4" conditionals="0" coveredconditionals="0" methods="2" coveredmethods="2"/>
        <line num="3" count="13" type="stmt"/>
        <line num="4" count="13" type="stmt"/>
        <line num="14" count="16" type="stmt"/>
        <line num="24" count="13" type="stmt"/>
      </file>
      <file name="product_rating.js" path="D:\Reto Personal\NASA\backend\models\product_rating.js">
        <metrics statements="4" coveredstatements="4" conditionals="0" coveredconditionals="0" methods="2" coveredmethods="2"/>
        <line num="2" count="13" type="stmt"/>
        <line num="3" count="13" type="stmt"/>
        <line num="21" count="3" type="stmt"/>
        <line num="48" count="13" type="stmt"/>
      </file>
      <file name="user.js" path="D:\Reto Personal\NASA\backend\models\user.js">
        <metrics statements="2" coveredstatements="2" conditionals="0" coveredconditionals="0" methods="1" coveredmethods="1"/>
        <line num="1" count="13" type="stmt"/>
        <line num="3" count="13" type="stmt"/>
      </file>
    </package>
    <package name="backend.routes">
      <metrics statements="63" coveredstatements="63" conditionals="0" coveredconditionals="0" methods="0" coveredmethods="0"/>
      <file name="orderAdminRoutes.js" path="D:\Reto Personal\NASA\backend\routes\orderAdminRoutes.js">
        <metrics statements="7" coveredstatements="7" conditionals="0" coveredconditionals="0" methods="0" coveredmethods="0"/>
        <line num="1" count="13" type="stmt"/>
        <line num="2" count="13" type="stmt"/>
        <line num="3" count="13" type="stmt"/>
        <line num="4" count="13" type="stmt"/>
        <line num="6" count="13" type="stmt"/>
        <line num="8" count="13" type="stmt"/>
        <line num="10" count="13" type="stmt"/>
      </file>
      <file name="orderRoutes.js" path="D:\Reto Personal\NASA\backend\routes\orderRoutes.js">
        <metrics statements="9" coveredstatements="9" conditionals="0" coveredconditionals="0" methods="0" coveredmethods="0"/>
        <line num="1" count="13" type="stmt"/>
        <line num="2" count="13" type="stmt"/>
        <line num="3" count="13" type="stmt"/>
        <line num="4" count="13" type="stmt"/>
        <line num="5" count="13" type="stmt"/>
        <line num="7" count="13" type="stmt"/>
        <line num="8" count="13" type="stmt"/>
        <line num="9" count="13" type="stmt"/>
        <line num="11" count="13" type="stmt"/>
      </file>
      <file name="paymentRoutes.js" path="D:\Reto Personal\NASA\backend\routes\paymentRoutes.js">
        <metrics statements="8" coveredstatements="8" conditionals="0" coveredconditionals="0" methods="0" coveredmethods="0"/>
        <line num="1" count="13" type="stmt"/>
        <line num="2" count="13" type="stmt"/>
        <line num="3" count="13" type="stmt"/>
        <line num="4" count="13" type="stmt"/>
        <line num="5" count="13" type="stmt"/>
        <line num="8" count="13" type="stmt"/>
        <line num="11" count="13" type="stmt"/>
        <line num="13" count="13" type="stmt"/>
      </file>
      <file name="productRoutes.js" path="D:\Reto Personal\NASA\backend\routes\productRoutes.js">
        <metrics statements="16" coveredstatements="16" conditionals="0" coveredconditionals="0" methods="0" coveredmethods="0"/>
        <line num="1" count="13" type="stmt"/>
        <line num="2" count="13" type="stmt"/>
        <line num="4" count="13" type="stmt"/>
        <line num="5" count="13" type="stmt"/>
        <line num="6" count="13" type="stmt"/>
        <line num="7" count="13" type="stmt"/>
        <line num="8" count="13" type="stmt"/>
        <line num="9" count="13" type="stmt"/>
        <line num="12" count="13" type="stmt"/>
        <line num="13" count="13" type="stmt"/>
        <line num="16" count="13" type="stmt"/>
        <line num="17" count="13" type="stmt"/>
        <line num="20" count="13" type="stmt"/>
        <line num="21" count="13" type="stmt"/>
        <line num="22" count="13" type="stmt"/>
        <line num="24" count="13" type="stmt"/>
      </file>
      <file name="userRoutes.js" path="D:\Reto Personal\NASA\backend\routes\userRoutes.js">
        <metrics statements="23" coveredstatements="23" conditionals="0" coveredconditionals="0" methods="0" coveredmethods="0"/>
        <line num="1" count="13" type="stmt"/>
        <line num="2" count="13" type="stmt"/>
        <line num="3" count="13" type="stmt"/>
        <line num="4" count="13" type="stmt"/>
        <line num="5" count="13" type="stmt"/>
        <line num="6" count="13" type="stmt"/>
        <line num="7" count="13" type="stmt"/>
        <line num="8" count="13" type="stmt"/>
        <line num="9" count="13" type="stmt"/>
        <line num="12" count="13" type="stmt"/>
        <line num="13" count="13" type="stmt"/>
        <line num="15" count="13" type="stmt"/>
        <line num="16" count="13" type="stmt"/>
        <line num="17" count="13" type="stmt"/>
        <line num="18" count="13" type="stmt"/>
        <line num="20" count="13" type="stmt"/>
        <line num="21" count="13" type="stmt"/>
        <line num="22" count="13" type="stmt"/>
        <line num="23" count="13" type="stmt"/>
        <line num="25" count="13" type="stmt"/>
        <line num="26" count="13" type="stmt"/>
        <line num="29" count="13" type="stmt"/>
        <line num="31" count="13" type="stmt"/>
      </file>
    </package>
    <package name="backend.services">
      <metrics statements="6" coveredstatements="6" conditionals="1" coveredconditionals="1" methods="1" coveredmethods="1"/>
      <file name="purchases.js" path="D:\Reto Personal\NASA\backend\services\purchases.js">
        <metrics statements="6" coveredstatements="6" conditionals="1" coveredconditionals="1" methods="1" coveredmethods="1"/>
        <line num="2" count="13" type="stmt"/>
        <line num="3" count="13" type="stmt"/>
        <line num="5" count="13" type="stmt"/>
        <line num="7" count="13" type="cond" truecount="1" falsecount="0"/>
        <line num="8" count="3" type="stmt"/>
        <line num="23" count="3" type="stmt"/>
      </file>
    </package>
    <package name="backend.tests">
      <metrics statements="14" coveredstatements="14" conditionals="4" coveredconditionals="2" methods="4" coveredmethods="4"/>
      <file name="helpers.js" path="D:\Reto Personal\NASA\backend\tests\helpers.js">
        <metrics statements="14" coveredstatements="14" conditionals="4" coveredconditionals="2" methods="4" coveredmethods="4"/>
        <line num="1" count="13" type="stmt"/>
        <line num="2" count="13" type="stmt"/>
        <line num="3" count="13" type="stmt"/>
        <line num="4" count="13" type="stmt"/>
        <line num="5" count="13" type="stmt"/>
        <line num="7" count="13" type="stmt"/>
        <line num="10" count="13" type="stmt"/>
        <line num="14" count="10" type="stmt"/>
        <line num="15" count="10" type="cond" truecount="2" falsecount="0"/>
        <line num="17" count="10" type="stmt"/>
        <line num="18" count="10" type="stmt"/>
        <line num="30" count="8" type="stmt"/>
        <line num="34" count="8" type="stmt"/>
        <line num="44" count="13" type="stmt"/>
      </file>
    </package>
    <package name="backend.validators">
      <metrics statements="39" coveredstatements="39" conditionals="0" coveredconditionals="0" methods="0" coveredmethods="0"/>
      <file name="orderValidators.js" path="D:\Reto Personal\NASA\backend\validators\orderValidators.js">
        <metrics statements="2" coveredstatements="2" conditionals="0" coveredconditionals="0" methods="0" coveredmethods="0"/>
        <line num="2" count="13" type="stmt"/>
        <line num="4" count="13" type="stmt"/>
      </file>
      <file name="passwordValidators.js" path="D:\Reto Personal\NASA\backend\validators\passwordValidators.js">
        <metrics statements="6" coveredstatements="6" conditionals="0" coveredconditionals="0" methods="0" coveredmethods="0"/>
        <line num="1" count="13" type="stmt"/>
        <line num="3" count="13" type="stmt"/>
        <line num="4" count="13" type="stmt"/>
        <line num="5" count="13" type="stmt"/>
        <line num="11" count="13" type="stmt"/>
        <line num="15" count="13" type="stmt"/>
      </file>
      <file name="paymentValidators.js" path="D:\Reto Personal\NASA\backend\validators\paymentValidators.js">
        <metrics statements="2" coveredstatements="2" conditionals="0" coveredconditionals="0" methods="0" coveredmethods="0"/>
        <line num="1" count="13" type="stmt"/>
        <line num="3" count="13" type="stmt"/>
      </file>
      <file name="productValidators.js" path="D:\Reto Personal\NASA\backend\validators\productValidators.js">
        <metrics statements="17" coveredstatements="17" conditionals="0" coveredconditionals="0" methods="0" coveredmethods="0"/>
        <line num="1" count="13" type="stmt"/>
        <line num="3" count="13" type="stmt"/>
        <line num="5" count="13" type="stmt"/>
        <line num="6" count="13" type="stmt"/>
        <line num="7" count="13" type="stmt"/>
        <line num="8" count="13" type="stmt"/>
        <line num="9" count="13" type="stmt"/>
        <line num="10" count="13" type="stmt"/>
        <line num="11" count="13" type="stmt"/>
        <line num="12" count="13" type="stmt"/>
        <line num="13" count="13" type="stmt"/>
        <line num="14" count="13" type="stmt"/>
        <line num="15" count="13" type="stmt"/>
        <line num="17" count="13" type="stmt"/>
        <line num="24" count="13" type="stmt"/>
        <line num="41" count="13" type="stmt"/>
        <line num="45" count="13" type="stmt"/>
      </file>
      <file name="ratingValidators.js" path="D:\Reto Personal\NASA\backend\validators\ratingValidators.js">
        <metrics statements="3" coveredstatements="3" conditionals="0" coveredconditionals="0" methods="0" coveredmethods="0"/>
        <line num="1" count="13" type="stmt"/>
        <line num="3" count="13" type="stmt"/>
        <line num="11" count="13" type="stmt"/>
      </file>
      <file name="userValidators.js" path="D:\Reto Personal\NASA\backend\validators\userValidators.js">
        <metrics statements="9" coveredstatements="9" conditionals="0" coveredconditionals="0" methods="0" coveredmethods="0"/>
        <line num="2" count="13" type="stmt"/>
        <line num="4" count="13" type="stmt"/>
        <line num="5" count="13" type="stmt"/>
        <line num="6" count="13" type="stmt"/>
        <line num="7" count="13" type="stmt"/>
        <line num="9" count="13" type="stmt"/>
        <line num="13" count="13" type="stmt"/>
        <line num="17" count="13" type="stmt"/>
        <line num="21" count="13" type="stmt"/>
      </file>
    </package>
  </project>
</coverage>
