{"D:\\Reto Personal\\NASA\\backend\\app.js": {"path":"D:\\Reto Personal\\NASA\\backend\\app.js","statementMap":{"0":{"start":{"line":1,"column":0},"end":{"line":1,"column":64}},"1":{"start":{"line":1,"column":37},"end":{"line":1,"column":64}},"2":{"start":{"line":3,"column":16},"end":{"line":3,"column":34}},"3":{"start":{"line":4,"column":13},"end":{"line":4,"column":28}},"4":{"start":{"line":5,"column":15},"end":{"line":5,"column":32}},"5":{"start":{"line":6,"column":18},"end":{"line":6,"column":47}},"6":{"start":{"line":7,"column":36},"end":{"line":7,"column":56}},"7":{"start":{"line":8,"column":18},"end":{"line":8,"column":47}},"8":{"start":{"line":9,"column":13},"end":{"line":9,"column":30}},"9":{"start":{"line":11,"column":18},"end":{"line":11,"column":40}},"10":{"start":{"line":12,"column":0},"end":{"line":12,"column":20}},"11":{"start":{"line":15,"column":19},"end":{"line":15,"column":49}},"12":{"start":{"line":16,"column":22},"end":{"line":16,"column":55}},"13":{"start":{"line":17,"column":20},"end":{"line":17,"column":51}},"14":{"start":{"line":18,"column":25},"end":{"line":18,"column":61}},"15":{"start":{"line":19,"column":22},"end":{"line":19,"column":55}},"16":{"start":{"line":21,"column":12},"end":{"line":21,"column":21}},"17":{"start":{"line":22,"column":0},"end":{"line":22,"column":26}},"18":{"start":{"line":25,"column":0},"end":{"line":25,"column":18}},"19":{"start":{"line":26,"column":0},"end":{"line":26,"column":70}},"20":{"start":{"line":29,"column":0},"end":{"line":29,"column":42}},"21":{"start":{"line":32,"column":0},"end":{"line":32,"column":94}},"22":{"start":{"line":32,"column":38},"end":{"line":32,"column":92}},"23":{"start":{"line":35,"column":0},"end":{"line":35,"column":112}},"24":{"start":{"line":38,"column":0},"end":{"line":41,"column":30}},"25":{"start":{"line":39,"column":18},"end":{"line":39,"column":50}},"26":{"start":{"line":40,"column":2},"end":{"line":40,"column":66}},"27":{"start":{"line":44,"column":0},"end":{"line":44,"column":34}},"28":{"start":{"line":45,"column":0},"end":{"line":45,"column":40}},"29":{"start":{"line":46,"column":0},"end":{"line":46,"column":36}},"30":{"start":{"line":47,"column":0},"end":{"line":47,"column":47}},"31":{"start":{"line":48,"column":0},"end":{"line":48,"column":40}},"32":{"start":{"line":51,"column":0},"end":{"line":51,"column":27}},"33":{"start":{"line":54,"column":0},"end":{"line":60,"column":3}},"34":{"start":{"line":55,"column":2},"end":{"line":55,"column":39}},"35":{"start":{"line":56,"column":17},"end":{"line":56,"column":52}},"36":{"start":{"line":57,"column":15},"end":{"line":57,"column":43}},"37":{"start":{"line":58,"column":18},"end":{"line":58,"column":76}},"38":{"start":{"line":59,"column":2},"end":{"line":59,"column":52}},"39":{"start":{"line":62,"column":0},"end":{"line":62,"column":36}}},"fnMap":{"0":{"name":"(anonymous_0)","decl":{"start":{"line":32,"column":23},"end":{"line":32,"column":24}},"loc":{"start":{"line":32,"column":38},"end":{"line":32,"column":92}},"line":32},"1":{"name":"(anonymous_1)","decl":{"start":{"line":54,"column":8},"end":{"line":54,"column":9}},"loc":{"start":{"line":54,"column":34},"end":{"line":60,"column":1}},"line":54}},"branchMap":{"0":{"loc":{"start":{"line":1,"column":0},"end":{"line":1,"column":64}},"type":"if","locations":[{"start":{"line":1,"column":0},"end":{"line":1,"column":64}},{"start":{},"end":{}}],"line":1},"1":{"loc":{"start":{"line":56,"column":17},"end":{"line":56,"column":52}},"type":"binary-expr","locations":[{"start":{"line":56,"column":17},"end":{"line":56,"column":27}},{"start":{"line":56,"column":31},"end":{"line":56,"column":45}},{"start":{"line":56,"column":49},"end":{"line":56,"column":52}}],"line":56},"2":{"loc":{"start":{"line":57,"column":15},"end":{"line":57,"column":43}},"type":"binary-expr","locations":[{"start":{"line":57,"column":15},"end":{"line":57,"column":23}},{"start":{"line":57,"column":27},"end":{"line":57,"column":43}}],"line":57},"3":{"loc":{"start":{"line":58,"column":18},"end":{"line":58,"column":76}},"type":"cond-expr","locations":[{"start":{"line":58,"column":34},"end":{"line":58,"column":49}},{"start":{"line":58,"column":53},"end":{"line":58,"column":75}}],"line":58},"4":{"loc":{"start":{"line":58,"column":53},"end":{"line":58,"column":75}},"type":"binary-expr","locations":[{"start":{"line":58,"column":53},"end":{"line":58,"column":64}},{"start":{"line":58,"column":68},"end":{"line":58,"column":75}}],"line":58}},"s":{"0":13,"1":0,"2":13,"3":13,"4":13,"5":13,"6":13,"7":13,"8":13,"9":13,"10":13,"11":13,"12":13,"13":13,"14":13,"15":13,"16":13,"17":13,"18":13,"19":13,"20":13,"21":13,"22":1,"23":13,"24":13,"25":13,"26":13,"27":13,"28":13,"29":13,"30":13,"31":13,"32":13,"33":13,"34":0,"35":0,"36":0,"37":0,"38":0,"39":13},"f":{"0":1,"1":0},"b":{"0":[0,13],"1":[0,0,0],"2":[0,0],"3":[0,0],"4":[0,0]},"_coverageSchema":"1a1c01bbd47fc00a2c39e90264f33305004495a9","hash":"7896c67f02c20f9da5747d74d4e02446b85a1639"}
,"D:\\Reto Personal\\NASA\\backend\\config\\db.js": {"path":"D:\\Reto Personal\\NASA\\backend\\config\\db.js","statementMap":{"0":{"start":{"line":1,"column":22},"end":{"line":1,"column":42}},"1":{"start":{"line":3,"column":16},"end":{"line":3,"column":49}},"2":{"start":{"line":4,"column":16},"end":{"line":4,"column":38}},"3":{"start":{"line":6,"column":18},"end":{"line":17,"column":1}},"4":{"start":{"line":19,"column":0},"end":{"line":19,"column":27}}},"fnMap":{},"branchMap":{"0":{"loc":{"start":{"line":3,"column":16},"end":{"line":3,"column":49}},"type":"binary-expr","locations":[{"start":{"line":3,"column":16},"end":{"line":3,"column":38}},{"start":{"line":3,"column":42},"end":{"line":3,"column":49}}],"line":3}},"s":{"0":13,"1":13,"2":13,"3":13,"4":13},"f":{},"b":{"0":[13,0]},"_coverageSchema":"1a1c01bbd47fc00a2c39e90264f33305004495a9","hash":"5d5c3b99adab2d45c68d5760447dc9a3dc325d22"}
,"D:\\Reto Personal\\NASA\\backend\\config\\mailer.js": {"path":"D:\\Reto Personal\\NASA\\backend\\config\\mailer.js","statementMap":{"0":{"start":{"line":2,"column":19},"end":{"line":2,"column":40}},"1":{"start":{"line":5,"column":22},"end":{"line":13,"column":4}},"2":{"start":{"line":16,"column":2},"end":{"line":23,"column":3}},"3":{"start":{"line":17,"column":4},"end":{"line":22,"column":5}},"4":{"start":{"line":18,"column":6},"end":{"line":18,"column":33}},"5":{"start":{"line":19,"column":6},"end":{"line":19,"column":44}},"6":{"start":{"line":21,"column":6},"end":{"line":21,"column":45}},"7":{"start":{"line":25,"column":2},"end":{"line":25,"column":21}},"8":{"start":{"line":28,"column":0},"end":{"line":28,"column":33}}},"fnMap":{"0":{"name":"createTransport","decl":{"start":{"line":4,"column":15},"end":{"line":4,"column":30}},"loc":{"start":{"line":4,"column":33},"end":{"line":26,"column":1}},"line":4}},"branchMap":{"0":{"loc":{"start":{"line":7,"column":17},"end":{"line":7,"column":45}},"type":"binary-expr","locations":[{"start":{"line":7,"column":17},"end":{"line":7,"column":38}},{"start":{"line":7,"column":42},"end":{"line":7,"column":45}}],"line":7},"1":{"loc":{"start":{"line":8,"column":19},"end":{"line":8,"column":53}},"type":"binary-expr","locations":[{"start":{"line":8,"column":19},"end":{"line":8,"column":42}},{"start":{"line":8,"column":46},"end":{"line":8,"column":53}}],"line":8},"2":{"loc":{"start":{"line":16,"column":2},"end":{"line":23,"column":3}},"type":"if","locations":[{"start":{"line":16,"column":2},"end":{"line":23,"column":3}},{"start":{},"end":{}}],"line":16}},"s":{"0":13,"1":1,"2":1,"3":0,"4":0,"5":0,"6":0,"7":1,"8":13},"f":{"0":1},"b":{"0":[1,0],"1":[1,0],"2":[0,1]},"_coverageSchema":"1a1c01bbd47fc00a2c39e90264f33305004495a9","hash":"84d749d3ede141fa60b80a3e855cb5fe2a7108e6"}
,"D:\\Reto Personal\\NASA\\backend\\controllers\\orderAdminController.js": {"path":"D:\\Reto Personal\\NASA\\backend\\controllers\\orderAdminController.js","statementMap":{"0":{"start":{"line":1,"column":18},"end":{"line":1,"column":38}},"1":{"start":{"line":3,"column":0},"end":{"line":18,"column":2}},"2":{"start":{"line":4,"column":2},"end":{"line":17,"column":3}},"3":{"start":{"line":5,"column":23},"end":{"line":5,"column":31}},"4":{"start":{"line":6,"column":18},"end":{"line":6,"column":69}},"5":{"start":{"line":7,"column":4},"end":{"line":7,"column":91}},"6":{"start":{"line":7,"column":33},"end":{"line":7,"column":91}},"7":{"start":{"line":9,"column":18},"end":{"line":9,"column":53}},"8":{"start":{"line":10,"column":4},"end":{"line":10,"column":78}},"9":{"start":{"line":10,"column":16},"end":{"line":10,"column":78}},"10":{"start":{"line":12,"column":4},"end":{"line":12,"column":35}},"11":{"start":{"line":13,"column":4},"end":{"line":13,"column":65}},"12":{"start":{"line":15,"column":4},"end":{"line":15,"column":21}},"13":{"start":{"line":16,"column":4},"end":{"line":16,"column":65}}},"fnMap":{"0":{"name":"(anonymous_0)","decl":{"start":{"line":3,"column":23},"end":{"line":3,"column":24}},"loc":{"start":{"line":3,"column":43},"end":{"line":18,"column":1}},"line":3}},"branchMap":{"0":{"loc":{"start":{"line":7,"column":4},"end":{"line":7,"column":91}},"type":"if","locations":[{"start":{"line":7,"column":4},"end":{"line":7,"column":91}},{"start":{},"end":{}}],"line":7},"1":{"loc":{"start":{"line":10,"column":4},"end":{"line":10,"column":78}},"type":"if","locations":[{"start":{"line":10,"column":4},"end":{"line":10,"column":78}},{"start":{},"end":{}}],"line":10}},"s":{"0":13,"1":13,"2":1,"3":1,"4":1,"5":1,"6":0,"7":1,"8":1,"9":0,"10":1,"11":1,"12":0,"13":0},"f":{"0":1},"b":{"0":[0,1],"1":[0,1]},"_coverageSchema":"1a1c01bbd47fc00a2c39e90264f33305004495a9","hash":"e0109d510a8d4a39e26f98d807130dc7f199a17a"}
,"D:\\Reto Personal\\NASA\\backend\\controllers\\orderController.js": {"path":"D:\\Reto Personal\\NASA\\backend\\controllers\\orderController.js","statementMap":{"0":{"start":{"line":1,"column":22},"end":{"line":1,"column":42}},"1":{"start":{"line":2,"column":40},"end":{"line":2,"column":60}},"2":{"start":{"line":4,"column":0},"end":{"line":49,"column":2}},"3":{"start":{"line":5,"column":12},"end":{"line":5,"column":41}},"4":{"start":{"line":6,"column":2},"end":{"line":48,"column":3}},"5":{"start":{"line":7,"column":19},"end":{"line":7,"column":30}},"6":{"start":{"line":8,"column":18},"end":{"line":8,"column":69}},"7":{"start":{"line":9,"column":4},"end":{"line":9,"column":82}},"8":{"start":{"line":9,"column":23},"end":{"line":9,"column":82}},"9":{"start":{"line":12,"column":16},"end":{"line":12,"column":17}},"10":{"start":{"line":13,"column":4},"end":{"line":21,"column":5}},"11":{"start":{"line":14,"column":19},"end":{"line":14,"column":97}},"12":{"start":{"line":15,"column":6},"end":{"line":15,"column":78}},"13":{"start":{"line":15,"column":36},"end":{"line":15,"column":78}},"14":{"start":{"line":16,"column":6},"end":{"line":16,"column":64}},"15":{"start":{"line":16,"column":27},"end":{"line":16,"column":64}},"16":{"start":{"line":17,"column":6},"end":{"line":17,"column":77}},"17":{"start":{"line":17,"column":39},"end":{"line":17,"column":77}},"18":{"start":{"line":19,"column":6},"end":{"line":19,"column":48}},"19":{"start":{"line":20,"column":6},"end":{"line":20,"column":87}},"20":{"start":{"line":23,"column":18},"end":{"line":23,"column":103}},"21":{"start":{"line":25,"column":17},"end":{"line":30,"column":7}},"22":{"start":{"line":25,"column":33},"end":{"line":30,"column":5}},"23":{"start":{"line":33,"column":4},"end":{"line":38,"column":5}},"24":{"start":{"line":34,"column":6},"end":{"line":37,"column":7}},"25":{"start":{"line":35,"column":18},"end":{"line":35,"column":74}},"26":{"start":{"line":36,"column":8},"end":{"line":36,"column":39}},"27":{"start":{"line":40,"column":4},"end":{"line":40,"column":59}},"28":{"start":{"line":42,"column":4},"end":{"line":42,"column":21}},"29":{"start":{"line":43,"column":4},"end":{"line":43,"column":84}},"30":{"start":{"line":45,"column":4},"end":{"line":45,"column":23}},"31":{"start":{"line":46,"column":4},"end":{"line":46,"column":21}},"32":{"start":{"line":47,"column":4},"end":{"line":47,"column":78}},"33":{"start":{"line":51,"column":0},"end":{"line":64,"column":2}},"34":{"start":{"line":52,"column":2},"end":{"line":63,"column":3}},"35":{"start":{"line":53,"column":19},"end":{"line":53,"column":30}},"36":{"start":{"line":54,"column":19},"end":{"line":58,"column":6}},"37":{"start":{"line":59,"column":4},"end":{"line":59,"column":21}},"38":{"start":{"line":61,"column":4},"end":{"line":61,"column":21}},"39":{"start":{"line":62,"column":4},"end":{"line":62,"column":62}},"40":{"start":{"line":66,"column":0},"end":{"line":79,"column":2}},"41":{"start":{"line":67,"column":2},"end":{"line":78,"column":3}},"42":{"start":{"line":68,"column":19},"end":{"line":68,"column":30}},"43":{"start":{"line":69,"column":18},"end":{"line":72,"column":6}},"44":{"start":{"line":73,"column":4},"end":{"line":73,"column":72}},"45":{"start":{"line":73,"column":16},"end":{"line":73,"column":72}},"46":{"start":{"line":74,"column":4},"end":{"line":74,"column":20}},"47":{"start":{"line":76,"column":4},"end":{"line":76,"column":21}},"48":{"start":{"line":77,"column":4},"end":{"line":77,"column":62}}},"fnMap":{"0":{"name":"(anonymous_0)","decl":{"start":{"line":4,"column":17},"end":{"line":4,"column":18}},"loc":{"start":{"line":4,"column":37},"end":{"line":49,"column":1}},"line":4},"1":{"name":"(anonymous_1)","decl":{"start":{"line":25,"column":27},"end":{"line":25,"column":28}},"loc":{"start":{"line":25,"column":33},"end":{"line":30,"column":5}},"line":25},"2":{"name":"(anonymous_2)","decl":{"start":{"line":51,"column":19},"end":{"line":51,"column":20}},"loc":{"start":{"line":51,"column":39},"end":{"line":64,"column":1}},"line":51},"3":{"name":"(anonymous_3)","decl":{"start":{"line":66,"column":18},"end":{"line":66,"column":19}},"loc":{"start":{"line":66,"column":38},"end":{"line":79,"column":1}},"line":66}},"branchMap":{"0":{"loc":{"start":{"line":8,"column":18},"end":{"line":8,"column":69}},"type":"cond-expr","locations":[{"start":{"line":8,"column":50},"end":{"line":8,"column":64}},{"start":{"line":8,"column":67},"end":{"line":8,"column":69}}],"line":8},"1":{"loc":{"start":{"line":9,"column":4},"end":{"line":9,"column":82}},"type":"if","locations":[{"start":{"line":9,"column":4},"end":{"line":9,"column":82}},{"start":{},"end":{}}],"line":9},"2":{"loc":{"start":{"line":15,"column":6},"end":{"line":15,"column":78}},"type":"if","locations":[{"start":{"line":15,"column":6},"end":{"line":15,"column":78}},{"start":{},"end":{}}],"line":15},"3":{"loc":{"start":{"line":15,"column":10},"end":{"line":15,"column":34}},"type":"binary-expr","locations":[{"start":{"line":15,"column":10},"end":{"line":15,"column":15}},{"start":{"line":15,"column":19},"end":{"line":15,"column":34}}],"line":15},"4":{"loc":{"start":{"line":16,"column":6},"end":{"line":16,"column":64}},"type":"if","locations":[{"start":{"line":16,"column":6},"end":{"line":16,"column":64}},{"start":{},"end":{}}],"line":16},"5":{"loc":{"start":{"line":17,"column":6},"end":{"line":17,"column":77}},"type":"if","locations":[{"start":{"line":17,"column":6},"end":{"line":17,"column":77}},{"start":{},"end":{}}],"line":17},"6":{"loc":{"start":{"line":29,"column":18},"end":{"line":29,"column":43}},"type":"binary-expr","locations":[{"start":{"line":29,"column":18},"end":{"line":29,"column":30}},{"start":{"line":29,"column":34},"end":{"line":29,"column":43}}],"line":29},"7":{"loc":{"start":{"line":34,"column":6},"end":{"line":37,"column":7}},"type":"if","locations":[{"start":{"line":34,"column":6},"end":{"line":37,"column":7}},{"start":{},"end":{}}],"line":34},"8":{"loc":{"start":{"line":47,"column":34},"end":{"line":47,"column":74}},"type":"binary-expr","locations":[{"start":{"line":47,"column":34},"end":{"line":47,"column":43}},{"start":{"line":47,"column":47},"end":{"line":47,"column":74}}],"line":47},"9":{"loc":{"start":{"line":73,"column":4},"end":{"line":73,"column":72}},"type":"if","locations":[{"start":{"line":73,"column":4},"end":{"line":73,"column":72}},{"start":{},"end":{}}],"line":73}},"s":{"0":13,"1":13,"2":13,"3":6,"4":6,"5":6,"6":6,"7":6,"8":0,"9":6,"10":6,"11":6,"12":6,"13":0,"14":6,"15":0,"16":6,"17":0,"18":6,"19":6,"20":6,"21":6,"22":6,"23":6,"24":6,"25":6,"26":6,"27":6,"28":6,"29":6,"30":0,"31":0,"32":0,"33":13,"34":1,"35":1,"36":1,"37":1,"38":0,"39":0,"40":13,"41":1,"42":1,"43":1,"44":1,"45":0,"46":1,"47":0,"48":0},"f":{"0":6,"1":6,"2":1,"3":1},"b":{"0":[6,0],"1":[0,6],"2":[0,6],"3":[6,6],"4":[0,6],"5":[0,6],"6":[6,6],"7":[6,0],"8":[0,0],"9":[0,1]},"_coverageSchema":"1a1c01bbd47fc00a2c39e90264f33305004495a9","hash":"fb28c4ffd73fe65b8b2881f22e5180bf956ee5e6"}
,"D:\\Reto Personal\\NASA\\backend\\controllers\\passwordResetController.js": {"path":"D:\\Reto Personal\\NASA\\backend\\controllers\\passwordResetController.js","statementMap":{"0":{"start":{"line":1,"column":15},"end":{"line":1,"column":32}},"1":{"start":{"line":2,"column":15},"end":{"line":2,"column":35}},"2":{"start":{"line":3,"column":31},"end":{"line":3,"column":51}},"3":{"start":{"line":4,"column":19},"end":{"line":4,"column":40}},"4":{"start":{"line":6,"column":19},"end":{"line":6,"column":76}},"5":{"start":{"line":7,"column":30},"end":{"line":7,"column":72}},"6":{"start":{"line":10,"column":2},"end":{"line":15,"column":5}},"7":{"start":{"line":19,"column":0},"end":{"line":59,"column":2}},"8":{"start":{"line":20,"column":2},"end":{"line":58,"column":3}},"9":{"start":{"line":21,"column":20},"end":{"line":21,"column":28}},"10":{"start":{"line":22,"column":4},"end":{"line":22,"column":33}},"11":{"start":{"line":24,"column":17},"end":{"line":24,"column":57}},"12":{"start":{"line":26,"column":4},"end":{"line":26,"column":86}},"13":{"start":{"line":26,"column":15},"end":{"line":26,"column":86}},"14":{"start":{"line":28,"column":16},"end":{"line":28,"column":24}},"15":{"start":{"line":29,"column":22},"end":{"line":29,"column":71}},"16":{"start":{"line":30,"column":22},"end":{"line":30,"column":87}},"17":{"start":{"line":32,"column":31},"end":{"line":35,"column":6}},"18":{"start":{"line":36,"column":4},"end":{"line":38,"column":5}},"19":{"start":{"line":37,"column":6},"end":{"line":37,"column":93}},"20":{"start":{"line":40,"column":22},"end":{"line":40,"column":36}},"21":{"start":{"line":41,"column":20},"end":{"line":41,"column":71}},"22":{"start":{"line":42,"column":4},"end":{"line":52,"column":7}},"23":{"start":{"line":54,"column":4},"end":{"line":54,"column":75}},"24":{"start":{"line":56,"column":4},"end":{"line":56,"column":21}},"25":{"start":{"line":57,"column":4},"end":{"line":57,"column":69}},"26":{"start":{"line":62,"column":0},"end":{"line":92,"column":2}},"27":{"start":{"line":63,"column":2},"end":{"line":91,"column":3}},"28":{"start":{"line":64,"column":40},"end":{"line":64,"column":48}},"29":{"start":{"line":65,"column":4},"end":{"line":65,"column":33}},"30":{"start":{"line":67,"column":20},"end":{"line":67,"column":68}},"31":{"start":{"line":68,"column":4},"end":{"line":68,"column":81}},"32":{"start":{"line":68,"column":18},"end":{"line":68,"column":81}},"33":{"start":{"line":69,"column":4},"end":{"line":69,"column":83}},"34":{"start":{"line":69,"column":25},"end":{"line":69,"column":83}},"35":{"start":{"line":70,"column":4},"end":{"line":70,"column":109}},"36":{"start":{"line":70,"column":51},"end":{"line":70,"column":109}},"37":{"start":{"line":71,"column":4},"end":{"line":71,"column":116}},"38":{"start":{"line":71,"column":38},"end":{"line":71,"column":116}},"39":{"start":{"line":73,"column":15},"end":{"line":73,"column":67}},"40":{"start":{"line":74,"column":4},"end":{"line":77,"column":5}},"41":{"start":{"line":75,"column":6},"end":{"line":75,"column":70}},"42":{"start":{"line":76,"column":6},"end":{"line":76,"column":64}},"43":{"start":{"line":79,"column":17},"end":{"line":79,"column":57}},"44":{"start":{"line":80,"column":4},"end":{"line":80,"column":79}},"45":{"start":{"line":80,"column":15},"end":{"line":80,"column":79}},"46":{"start":{"line":82,"column":26},"end":{"line":82,"column":84}},"47":{"start":{"line":83,"column":4},"end":{"line":83,"column":68}},"48":{"start":{"line":85,"column":4},"end":{"line":85,"column":50}},"49":{"start":{"line":87,"column":4},"end":{"line":87,"column":59}},"50":{"start":{"line":89,"column":4},"end":{"line":89,"column":21}},"51":{"start":{"line":90,"column":4},"end":{"line":90,"column":75}}},"fnMap":{"0":{"name":"genOTP","decl":{"start":{"line":6,"column":9},"end":{"line":6,"column":15}},"loc":{"start":{"line":6,"column":17},"end":{"line":6,"column":78}},"line":6},"1":{"name":"addMinutes","decl":{"start":{"line":7,"column":9},"end":{"line":7,"column":19}},"loc":{"start":{"line":7,"column":28},"end":{"line":7,"column":74}},"line":7},"2":{"name":"mailer","decl":{"start":{"line":9,"column":15},"end":{"line":9,"column":21}},"loc":{"start":{"line":9,"column":23},"end":{"line":16,"column":1}},"line":9},"3":{"name":"(anonymous_3)","decl":{"start":{"line":19,"column":17},"end":{"line":19,"column":18}},"loc":{"start":{"line":19,"column":37},"end":{"line":59,"column":1}},"line":19},"4":{"name":"(anonymous_4)","decl":{"start":{"line":62,"column":16},"end":{"line":62,"column":17}},"loc":{"start":{"line":62,"column":36},"end":{"line":92,"column":1}},"line":62}},"branchMap":{"0":{"loc":{"start":{"line":12,"column":17},"end":{"line":12,"column":45}},"type":"binary-expr","locations":[{"start":{"line":12,"column":17},"end":{"line":12,"column":38}},{"start":{"line":12,"column":42},"end":{"line":12,"column":45}}],"line":12},"1":{"loc":{"start":{"line":13,"column":19},"end":{"line":13,"column":53}},"type":"binary-expr","locations":[{"start":{"line":13,"column":19},"end":{"line":13,"column":42}},{"start":{"line":13,"column":46},"end":{"line":13,"column":53}}],"line":13},"2":{"loc":{"start":{"line":26,"column":4},"end":{"line":26,"column":86}},"type":"if","locations":[{"start":{"line":26,"column":4},"end":{"line":26,"column":86}},{"start":{},"end":{}}],"line":26},"3":{"loc":{"start":{"line":30,"column":52},"end":{"line":30,"column":85}},"type":"binary-expr","locations":[{"start":{"line":30,"column":52},"end":{"line":30,"column":79}},{"start":{"line":30,"column":83},"end":{"line":30,"column":85}}],"line":30},"4":{"loc":{"start":{"line":36,"column":4},"end":{"line":38,"column":5}},"type":"if","locations":[{"start":{"line":36,"column":4},"end":{"line":38,"column":5}},{"start":{},"end":{}}],"line":36},"5":{"loc":{"start":{"line":41,"column":20},"end":{"line":41,"column":71}},"type":"binary-expr","locations":[{"start":{"line":41,"column":20},"end":{"line":41,"column":44}},{"start":{"line":41,"column":48},"end":{"line":41,"column":71}}],"line":41},"6":{"loc":{"start":{"line":49,"column":29},"end":{"line":49,"column":62}},"type":"binary-expr","locations":[{"start":{"line":49,"column":29},"end":{"line":49,"column":56}},{"start":{"line":49,"column":60},"end":{"line":49,"column":62}}],"line":49},"7":{"loc":{"start":{"line":68,"column":4},"end":{"line":68,"column":81}},"type":"if","locations":[{"start":{"line":68,"column":4},"end":{"line":68,"column":81}},{"start":{},"end":{}}],"line":68},"8":{"loc":{"start":{"line":69,"column":4},"end":{"line":69,"column":83}},"type":"if","locations":[{"start":{"line":69,"column":4},"end":{"line":69,"column":83}},{"start":{},"end":{}}],"line":69},"9":{"loc":{"start":{"line":70,"column":4},"end":{"line":70,"column":109}},"type":"if","locations":[{"start":{"line":70,"column":4},"end":{"line":70,"column":109}},{"start":{},"end":{}}],"line":70},"10":{"loc":{"start":{"line":71,"column":4},"end":{"line":71,"column":116}},"type":"if","locations":[{"start":{"line":71,"column":4},"end":{"line":71,"column":116}},{"start":{},"end":{}}],"line":71},"11":{"loc":{"start":{"line":71,"column":9},"end":{"line":71,"column":30}},"type":"binary-expr","locations":[{"start":{"line":71,"column":9},"end":{"line":71,"column":25}},{"start":{"line":71,"column":29},"end":{"line":71,"column":30}}],"line":71},"12":{"loc":{"start":{"line":74,"column":4},"end":{"line":77,"column":5}},"type":"if","locations":[{"start":{"line":74,"column":4},"end":{"line":77,"column":5}},{"start":{},"end":{}}],"line":74},"13":{"loc":{"start":{"line":75,"column":40},"end":{"line":75,"column":61}},"type":"binary-expr","locations":[{"start":{"line":75,"column":40},"end":{"line":75,"column":56}},{"start":{"line":75,"column":60},"end":{"line":75,"column":61}}],"line":75},"14":{"loc":{"start":{"line":80,"column":4},"end":{"line":80,"column":79}},"type":"if","locations":[{"start":{"line":80,"column":4},"end":{"line":80,"column":79}},{"start":{},"end":{}}],"line":80}},"s":{"0":13,"1":13,"2":13,"3":13,"4":0,"5":0,"6":0,"7":13,"8":0,"9":0,"10":0,"11":0,"12":0,"13":0,"14":0,"15":0,"16":0,"17":0,"18":0,"19":0,"20":0,"21":0,"22":0,"23":0,"24":0,"25":0,"26":13,"27":1,"28":1,"29":1,"30":1,"31":1,"32":0,"33":1,"34":0,"35":1,"36":0,"37":1,"38":0,"39":1,"40":1,"41":0,"42":0,"43":1,"44":1,"45":0,"46":1,"47":1,"48":1,"49":1,"50":0,"51":0},"f":{"0":0,"1":0,"2":0,"3":0,"4":1},"b":{"0":[0,0],"1":[0,0],"2":[0,0],"3":[0,0],"4":[0,0],"5":[0,0],"6":[0,0],"7":[0,1],"8":[0,1],"9":[0,1],"10":[0,1],"11":[1,1],"12":[0,1],"13":[0,0],"14":[0,1]},"_coverageSchema":"1a1c01bbd47fc00a2c39e90264f33305004495a9","hash":"d6139871f9e3bb0374b07107e72053da0757b65a"}
,"D:\\Reto Personal\\NASA\\backend\\controllers\\paymentController.js": {"path":"D:\\Reto Personal\\NASA\\backend\\controllers\\paymentController.js","statementMap":{"0":{"start":{"line":1,"column":44},"end":{"line":1,"column":64}},"1":{"start":{"line":2,"column":15},"end":{"line":2,"column":32}},"2":{"start":{"line":5,"column":12},"end":{"line":5,"column":40}},"3":{"start":{"line":6,"column":12},"end":{"line":6,"column":40}},"4":{"start":{"line":7,"column":2},"end":{"line":7,"column":42}},"5":{"start":{"line":7,"column":29},"end":{"line":7,"column":42}},"6":{"start":{"line":8,"column":2},"end":{"line":8,"column":38}},"7":{"start":{"line":13,"column":0},"end":{"line":66,"column":2}},"8":{"start":{"line":14,"column":12},"end":{"line":14,"column":41}},"9":{"start":{"line":15,"column":2},"end":{"line":65,"column":3}},"10":{"start":{"line":16,"column":19},"end":{"line":16,"column":30}},"11":{"start":{"line":17,"column":17},"end":{"line":17,"column":43}},"12":{"start":{"line":18,"column":4},"end":{"line":18,"column":83}},"13":{"start":{"line":18,"column":15},"end":{"line":18,"column":83}},"14":{"start":{"line":20,"column":57},"end":{"line":20,"column":65}},"15":{"start":{"line":23,"column":21},"end":{"line":23,"column":86}},"16":{"start":{"line":24,"column":4},"end":{"line":27,"column":5}},"17":{"start":{"line":25,"column":6},"end":{"line":25,"column":25}},"18":{"start":{"line":26,"column":6},"end":{"line":26,"column":32}},"19":{"start":{"line":29,"column":18},"end":{"line":29,"column":116}},"20":{"start":{"line":30,"column":4},"end":{"line":30,"column":102}},"21":{"start":{"line":30,"column":18},"end":{"line":30,"column":37}},"22":{"start":{"line":30,"column":38},"end":{"line":30,"column":100}},"23":{"start":{"line":31,"column":4},"end":{"line":35,"column":5}},"24":{"start":{"line":33,"column":6},"end":{"line":33,"column":25}},"25":{"start":{"line":34,"column":6},"end":{"line":34,"column":80}},"26":{"start":{"line":38,"column":19},"end":{"line":41,"column":26}},"27":{"start":{"line":44,"column":4},"end":{"line":54,"column":5}},"28":{"start":{"line":45,"column":6},"end":{"line":45,"column":101}},"29":{"start":{"line":46,"column":11},"end":{"line":54,"column":5}},"30":{"start":{"line":50,"column":6},"end":{"line":52,"column":7}},"31":{"start":{"line":51,"column":8},"end":{"line":51,"column":67}},"32":{"start":{"line":53,"column":6},"end":{"line":53,"column":71}},"33":{"start":{"line":56,"column":4},"end":{"line":56,"column":21}},"34":{"start":{"line":57,"column":4},"end":{"line":57,"column":33}},"35":{"start":{"line":59,"column":4},"end":{"line":59,"column":23}},"36":{"start":{"line":60,"column":4},"end":{"line":60,"column":21}},"37":{"start":{"line":61,"column":4},"end":{"line":63,"column":5}},"38":{"start":{"line":62,"column":6},"end":{"line":62,"column":74}},"39":{"start":{"line":64,"column":4},"end":{"line":64,"column":58}},"40":{"start":{"line":71,"column":0},"end":{"line":107,"column":2}},"41":{"start":{"line":72,"column":12},"end":{"line":72,"column":41}},"42":{"start":{"line":73,"column":2},"end":{"line":106,"column":3}},"43":{"start":{"line":74,"column":16},"end":{"line":74,"column":46}},"44":{"start":{"line":75,"column":19},"end":{"line":75,"column":68}},"45":{"start":{"line":76,"column":4},"end":{"line":76,"column":111}},"46":{"start":{"line":76,"column":32},"end":{"line":76,"column":51}},"47":{"start":{"line":76,"column":52},"end":{"line":76,"column":109}},"48":{"start":{"line":78,"column":37},"end":{"line":78,"column":45}},"49":{"start":{"line":79,"column":4},"end":{"line":81,"column":5}},"50":{"start":{"line":80,"column":6},"end":{"line":80,"column":25}},"51":{"start":{"line":80,"column":26},"end":{"line":80,"column":85}},"52":{"start":{"line":83,"column":19},"end":{"line":83,"column":141}},"53":{"start":{"line":84,"column":4},"end":{"line":84,"column":104}},"54":{"start":{"line":84,"column":19},"end":{"line":84,"column":38}},"55":{"start":{"line":84,"column":39},"end":{"line":84,"column":102}},"56":{"start":{"line":87,"column":4},"end":{"line":87,"column":86}},"57":{"start":{"line":87,"column":36},"end":{"line":87,"column":53}},"58":{"start":{"line":87,"column":54},"end":{"line":87,"column":84}},"59":{"start":{"line":90,"column":4},"end":{"line":90,"column":56}},"60":{"start":{"line":93,"column":4},"end":{"line":95,"column":5}},"61":{"start":{"line":94,"column":6},"end":{"line":94,"column":72}},"62":{"start":{"line":96,"column":4},"end":{"line":98,"column":5}},"63":{"start":{"line":97,"column":6},"end":{"line":97,"column":77}},"64":{"start":{"line":100,"column":4},"end":{"line":100,"column":21}},"65":{"start":{"line":101,"column":4},"end":{"line":101,"column":27}},"66":{"start":{"line":103,"column":4},"end":{"line":103,"column":23}},"67":{"start":{"line":104,"column":4},"end":{"line":104,"column":21}},"68":{"start":{"line":105,"column":4},"end":{"line":105,"column":56}}},"fnMap":{"0":{"name":"safeEq","decl":{"start":{"line":4,"column":9},"end":{"line":4,"column":15}},"loc":{"start":{"line":4,"column":20},"end":{"line":9,"column":1}},"line":4},"1":{"name":"(anonymous_1)","decl":{"start":{"line":13,"column":24},"end":{"line":13,"column":25}},"loc":{"start":{"line":13,"column":44},"end":{"line":66,"column":1}},"line":13},"2":{"name":"(anonymous_2)","decl":{"start":{"line":71,"column":18},"end":{"line":71,"column":19}},"loc":{"start":{"line":71,"column":38},"end":{"line":107,"column":1}},"line":71}},"branchMap":{"0":{"loc":{"start":{"line":5,"column":31},"end":{"line":5,"column":38}},"type":"binary-expr","locations":[{"start":{"line":5,"column":31},"end":{"line":5,"column":32}},{"start":{"line":5,"column":36},"end":{"line":5,"column":38}}],"line":5},"1":{"loc":{"start":{"line":6,"column":31},"end":{"line":6,"column":38}},"type":"binary-expr","locations":[{"start":{"line":6,"column":31},"end":{"line":6,"column":32}},{"start":{"line":6,"column":36},"end":{"line":6,"column":38}}],"line":6},"2":{"loc":{"start":{"line":7,"column":2},"end":{"line":7,"column":42}},"type":"if","locations":[{"start":{"line":7,"column":2},"end":{"line":7,"column":42}},{"start":{},"end":{}}],"line":7},"3":{"loc":{"start":{"line":18,"column":4},"end":{"line":18,"column":83}},"type":"if","locations":[{"start":{"line":18,"column":4},"end":{"line":18,"column":83}},{"start":{},"end":{}}],"line":18},"4":{"loc":{"start":{"line":20,"column":22},"end":{"line":20,"column":36}},"type":"default-arg","locations":[{"start":{"line":20,"column":31},"end":{"line":20,"column":36}}],"line":20},"5":{"loc":{"start":{"line":20,"column":38},"end":{"line":20,"column":52}},"type":"default-arg","locations":[{"start":{"line":20,"column":43},"end":{"line":20,"column":52}}],"line":20},"6":{"loc":{"start":{"line":24,"column":4},"end":{"line":27,"column":5}},"type":"if","locations":[{"start":{"line":24,"column":4},"end":{"line":27,"column":5}},{"start":{},"end":{}}],"line":24},"7":{"loc":{"start":{"line":30,"column":4},"end":{"line":30,"column":102}},"type":"if","locations":[{"start":{"line":30,"column":4},"end":{"line":30,"column":102}},{"start":{},"end":{}}],"line":30},"8":{"loc":{"start":{"line":31,"column":4},"end":{"line":35,"column":5}},"type":"if","locations":[{"start":{"line":31,"column":4},"end":{"line":35,"column":5}},{"start":{},"end":{}}],"line":31},"9":{"loc":{"start":{"line":31,"column":8},"end":{"line":31,"column":88}},"type":"binary-expr","locations":[{"start":{"line":31,"column":8},"end":{"line":31,"column":66}},{"start":{"line":31,"column":70},"end":{"line":31,"column":88}}],"line":31},"10":{"loc":{"start":{"line":44,"column":4},"end":{"line":54,"column":5}},"type":"if","locations":[{"start":{"line":44,"column":4},"end":{"line":54,"column":5}},{"start":{"line":46,"column":11},"end":{"line":54,"column":5}}],"line":44},"11":{"loc":{"start":{"line":46,"column":11},"end":{"line":54,"column":5}},"type":"if","locations":[{"start":{"line":46,"column":11},"end":{"line":54,"column":5}},{"start":{"line":48,"column":11},"end":{"line":54,"column":5}}],"line":46},"12":{"loc":{"start":{"line":50,"column":6},"end":{"line":52,"column":7}},"type":"if","locations":[{"start":{"line":50,"column":6},"end":{"line":52,"column":7}},{"start":{},"end":{}}],"line":50},"13":{"loc":{"start":{"line":61,"column":4},"end":{"line":63,"column":5}},"type":"if","locations":[{"start":{"line":61,"column":4},"end":{"line":63,"column":5}},{"start":{},"end":{}}],"line":61},"14":{"loc":{"start":{"line":75,"column":19},"end":{"line":75,"column":68}},"type":"binary-expr","locations":[{"start":{"line":75,"column":19},"end":{"line":75,"column":53}},{"start":{"line":75,"column":57},"end":{"line":75,"column":68}}],"line":75},"15":{"loc":{"start":{"line":76,"column":4},"end":{"line":76,"column":111}},"type":"if","locations":[{"start":{"line":76,"column":4},"end":{"line":76,"column":111}},{"start":{},"end":{}}],"line":76},"16":{"loc":{"start":{"line":79,"column":4},"end":{"line":81,"column":5}},"type":"if","locations":[{"start":{"line":79,"column":4},"end":{"line":81,"column":5}},{"start":{},"end":{}}],"line":79},"17":{"loc":{"start":{"line":79,"column":8},"end":{"line":79,"column":77}},"type":"binary-expr","locations":[{"start":{"line":79,"column":8},"end":{"line":79,"column":21}},{"start":{"line":79,"column":25},"end":{"line":79,"column":77}}],"line":79},"18":{"loc":{"start":{"line":84,"column":4},"end":{"line":84,"column":104}},"type":"if","locations":[{"start":{"line":84,"column":4},"end":{"line":84,"column":104}},{"start":{},"end":{}}],"line":84},"19":{"loc":{"start":{"line":87,"column":4},"end":{"line":87,"column":86}},"type":"if","locations":[{"start":{"line":87,"column":4},"end":{"line":87,"column":86}},{"start":{},"end":{}}],"line":87},"20":{"loc":{"start":{"line":93,"column":4},"end":{"line":95,"column":5}},"type":"if","locations":[{"start":{"line":93,"column":4},"end":{"line":95,"column":5}},{"start":{},"end":{}}],"line":93},"21":{"loc":{"start":{"line":93,"column":8},"end":{"line":93,"column":83}},"type":"binary-expr","locations":[{"start":{"line":93,"column":8},"end":{"line":93,"column":30}},{"start":{"line":93,"column":34},"end":{"line":93,"column":46}},{"start":{"line":93,"column":50},"end":{"line":93,"column":83}}],"line":93},"22":{"loc":{"start":{"line":96,"column":4},"end":{"line":98,"column":5}},"type":"if","locations":[{"start":{"line":96,"column":4},"end":{"line":98,"column":5}},{"start":{},"end":{}}],"line":96},"23":{"loc":{"start":{"line":96,"column":8},"end":{"line":96,"column":83}},"type":"binary-expr","locations":[{"start":{"line":96,"column":8},"end":{"line":96,"column":30}},{"start":{"line":96,"column":34},"end":{"line":96,"column":46}},{"start":{"line":96,"column":50},"end":{"line":96,"column":83}}],"line":96}},"s":{"0":13,"1":13,"2":1,"3":1,"4":1,"5":0,"6":1,"7":13,"8":4,"9":4,"10":4,"11":4,"12":4,"13":0,"14":4,"15":4,"16":4,"17":1,"18":1,"19":3,"20":3,"21":0,"22":0,"23":3,"24":0,"25":0,"26":3,"27":3,"28":0,"29":3,"30":2,"31":2,"32":2,"33":3,"34":3,"35":0,"36":0,"37":0,"38":0,"39":0,"40":13,"41":1,"42":1,"43":1,"44":1,"45":1,"46":0,"47":0,"48":1,"49":1,"50":0,"51":0,"52":1,"53":1,"54":0,"55":0,"56":1,"57":0,"58":0,"59":1,"60":1,"61":1,"62":1,"63":0,"64":1,"65":1,"66":0,"67":0,"68":0},"f":{"0":1,"1":4,"2":1},"b":{"0":[1,0],"1":[1,0],"2":[0,1],"3":[0,4],"4":[0],"5":[0],"6":[1,3],"7":[0,3],"8":[0,3],"9":[3,0],"10":[0,3],"11":[1,2],"12":[2,0],"13":[0,0],"14":[1,0],"15":[0,1],"16":[0,1],"17":[1,1],"18":[0,1],"19":[0,1],"20":[1,0],"21":[1,1,1],"22":[0,1],"23":[1,0,0]},"_coverageSchema":"1a1c01bbd47fc00a2c39e90264f33305004495a9","hash":"02974f226c76ec78f88e420ac9ba718df04eee04"}
,"D:\\Reto Personal\\NASA\\backend\\controllers\\productController.js": {"path":"D:\\Reto Personal\\NASA\\backend\\controllers\\productController.js","statementMap":{"0":{"start":{"line":1,"column":15},"end":{"line":1,"column":35}},"1":{"start":{"line":2,"column":20},"end":{"line":2,"column":40}},"2":{"start":{"line":5,"column":0},"end":{"line":38,"column":2}},"3":{"start":{"line":6,"column":2},"end":{"line":37,"column":3}},"4":{"start":{"line":7,"column":106},"end":{"line":7,"column":115}},"5":{"start":{"line":9,"column":18},"end":{"line":9,"column":20}},"6":{"start":{"line":10,"column":4},"end":{"line":10,"column":49}},"7":{"start":{"line":10,"column":11},"end":{"line":10,"column":49}},"8":{"start":{"line":11,"column":4},"end":{"line":15,"column":5}},"9":{"start":{"line":12,"column":6},"end":{"line":12,"column":23}},"10":{"start":{"line":13,"column":6},"end":{"line":13,"column":67}},"11":{"start":{"line":13,"column":28},"end":{"line":13,"column":67}},"12":{"start":{"line":14,"column":6},"end":{"line":14,"column":67}},"13":{"start":{"line":14,"column":28},"end":{"line":14,"column":67}},"14":{"start":{"line":16,"column":4},"end":{"line":16,"column":63}},"15":{"start":{"line":16,"column":24},"end":{"line":16,"column":63}},"16":{"start":{"line":18,"column":19},"end":{"line":18,"column":56}},"17":{"start":{"line":19,"column":18},"end":{"line":19,"column":31}},"18":{"start":{"line":20,"column":28},"end":{"line":22,"column":6}},"19":{"start":{"line":24,"column":4},"end":{"line":33,"column":7}},"20":{"start":{"line":35,"column":4},"end":{"line":35,"column":21}},"21":{"start":{"line":36,"column":4},"end":{"line":36,"column":64}},"22":{"start":{"line":41,"column":0},"end":{"line":50,"column":2}},"23":{"start":{"line":42,"column":2},"end":{"line":49,"column":3}},"24":{"start":{"line":43,"column":17},"end":{"line":43,"column":54}},"25":{"start":{"line":44,"column":4},"end":{"line":44,"column":71}},"26":{"start":{"line":44,"column":15},"end":{"line":44,"column":71}},"27":{"start":{"line":45,"column":4},"end":{"line":45,"column":19}},"28":{"start":{"line":47,"column":4},"end":{"line":47,"column":21}},"29":{"start":{"line":48,"column":4},"end":{"line":48,"column":66}},"30":{"start":{"line":53,"column":0},"end":{"line":65,"column":2}},"31":{"start":{"line":54,"column":2},"end":{"line":64,"column":3}},"32":{"start":{"line":55,"column":17},"end":{"line":55,"column":47}},"33":{"start":{"line":56,"column":4},"end":{"line":56,"column":31}},"34":{"start":{"line":58,"column":4},"end":{"line":58,"column":21}},"35":{"start":{"line":60,"column":4},"end":{"line":62,"column":5}},"36":{"start":{"line":61,"column":6},"end":{"line":61,"column":62}},"37":{"start":{"line":63,"column":4},"end":{"line":63,"column":62}},"38":{"start":{"line":68,"column":0},"end":{"line":81,"column":2}},"39":{"start":{"line":69,"column":2},"end":{"line":80,"column":3}},"40":{"start":{"line":70,"column":17},"end":{"line":70,"column":54}},"41":{"start":{"line":71,"column":4},"end":{"line":71,"column":71}},"42":{"start":{"line":71,"column":15},"end":{"line":71,"column":71}},"43":{"start":{"line":72,"column":4},"end":{"line":72,"column":32}},"44":{"start":{"line":73,"column":4},"end":{"line":73,"column":19}},"45":{"start":{"line":75,"column":4},"end":{"line":75,"column":21}},"46":{"start":{"line":76,"column":4},"end":{"line":78,"column":5}},"47":{"start":{"line":77,"column":6},"end":{"line":77,"column":62}},"48":{"start":{"line":79,"column":4},"end":{"line":79,"column":67}},"49":{"start":{"line":84,"column":0},"end":{"line":94,"column":2}},"50":{"start":{"line":85,"column":2},"end":{"line":93,"column":3}},"51":{"start":{"line":86,"column":17},"end":{"line":86,"column":54}},"52":{"start":{"line":87,"column":4},"end":{"line":87,"column":71}},"53":{"start":{"line":87,"column":15},"end":{"line":87,"column":71}},"54":{"start":{"line":88,"column":4},"end":{"line":88,"column":25}},"55":{"start":{"line":89,"column":4},"end":{"line":89,"column":27}},"56":{"start":{"line":91,"column":4},"end":{"line":91,"column":21}},"57":{"start":{"line":92,"column":4},"end":{"line":92,"column":65}}},"fnMap":{"0":{"name":"(anonymous_0)","decl":{"start":{"line":5,"column":15},"end":{"line":5,"column":16}},"loc":{"start":{"line":5,"column":35},"end":{"line":38,"column":1}},"line":5},"1":{"name":"(anonymous_1)","decl":{"start":{"line":41,"column":18},"end":{"line":41,"column":19}},"loc":{"start":{"line":41,"column":38},"end":{"line":50,"column":1}},"line":41},"2":{"name":"(anonymous_2)","decl":{"start":{"line":53,"column":17},"end":{"line":53,"column":18}},"loc":{"start":{"line":53,"column":37},"end":{"line":65,"column":1}},"line":53},"3":{"name":"(anonymous_3)","decl":{"start":{"line":68,"column":17},"end":{"line":68,"column":18}},"loc":{"start":{"line":68,"column":37},"end":{"line":81,"column":1}},"line":68},"4":{"name":"(anonymous_4)","decl":{"start":{"line":84,"column":17},"end":{"line":84,"column":18}},"loc":{"start":{"line":84,"column":37},"end":{"line":94,"column":1}},"line":84}},"branchMap":{"0":{"loc":{"start":{"line":7,"column":43},"end":{"line":7,"column":51}},"type":"default-arg","locations":[{"start":{"line":7,"column":50},"end":{"line":7,"column":51}}],"line":7},"1":{"loc":{"start":{"line":7,"column":53},"end":{"line":7,"column":66}},"type":"default-arg","locations":[{"start":{"line":7,"column":64},"end":{"line":7,"column":66}}],"line":7},"2":{"loc":{"start":{"line":7,"column":68},"end":{"line":7,"column":87}},"type":"default-arg","locations":[{"start":{"line":7,"column":75},"end":{"line":7,"column":87}}],"line":7},"3":{"loc":{"start":{"line":7,"column":89},"end":{"line":7,"column":101}},"type":"default-arg","locations":[{"start":{"line":7,"column":95},"end":{"line":7,"column":101}}],"line":7},"4":{"loc":{"start":{"line":10,"column":4},"end":{"line":10,"column":49}},"type":"if","locations":[{"start":{"line":10,"column":4},"end":{"line":10,"column":49}},{"start":{},"end":{}}],"line":10},"5":{"loc":{"start":{"line":11,"column":4},"end":{"line":15,"column":5}},"type":"if","locations":[{"start":{"line":11,"column":4},"end":{"line":15,"column":5}},{"start":{},"end":{}}],"line":11},"6":{"loc":{"start":{"line":11,"column":8},"end":{"line":11,"column":44}},"type":"binary-expr","locations":[{"start":{"line":11,"column":8},"end":{"line":11,"column":24}},{"start":{"line":11,"column":28},"end":{"line":11,"column":44}}],"line":11},"7":{"loc":{"start":{"line":13,"column":6},"end":{"line":13,"column":67}},"type":"if","locations":[{"start":{"line":13,"column":6},"end":{"line":13,"column":67}},{"start":{},"end":{}}],"line":13},"8":{"loc":{"start":{"line":14,"column":6},"end":{"line":14,"column":67}},"type":"if","locations":[{"start":{"line":14,"column":6},"end":{"line":14,"column":67}},{"start":{},"end":{}}],"line":14},"9":{"loc":{"start":{"line":16,"column":4},"end":{"line":16,"column":63}},"type":"if","locations":[{"start":{"line":16,"column":4},"end":{"line":16,"column":63}},{"start":{},"end":{}}],"line":16},"10":{"loc":{"start":{"line":30,"column":20},"end":{"line":30,"column":60}},"type":"binary-expr","locations":[{"start":{"line":30,"column":20},"end":{"line":30,"column":55}},{"start":{"line":30,"column":59},"end":{"line":30,"column":60}}],"line":30},"11":{"loc":{"start":{"line":44,"column":4},"end":{"line":44,"column":71}},"type":"if","locations":[{"start":{"line":44,"column":4},"end":{"line":44,"column":71}},{"start":{},"end":{}}],"line":44},"12":{"loc":{"start":{"line":60,"column":4},"end":{"line":62,"column":5}},"type":"if","locations":[{"start":{"line":60,"column":4},"end":{"line":62,"column":5}},{"start":{},"end":{}}],"line":60},"13":{"loc":{"start":{"line":71,"column":4},"end":{"line":71,"column":71}},"type":"if","locations":[{"start":{"line":71,"column":4},"end":{"line":71,"column":71}},{"start":{},"end":{}}],"line":71},"14":{"loc":{"start":{"line":76,"column":4},"end":{"line":78,"column":5}},"type":"if","locations":[{"start":{"line":76,"column":4},"end":{"line":78,"column":5}},{"start":{},"end":{}}],"line":76},"15":{"loc":{"start":{"line":87,"column":4},"end":{"line":87,"column":71}},"type":"if","locations":[{"start":{"line":87,"column":4},"end":{"line":87,"column":71}},{"start":{},"end":{}}],"line":87}},"s":{"0":13,"1":13,"2":13,"3":1,"4":1,"5":1,"6":1,"7":0,"8":1,"9":0,"10":0,"11":0,"12":0,"13":0,"14":1,"15":0,"16":1,"17":1,"18":1,"19":1,"20":0,"21":0,"22":13,"23":0,"24":0,"25":0,"26":0,"27":0,"28":0,"29":0,"30":13,"31":1,"32":1,"33":1,"34":0,"35":0,"36":0,"37":0,"38":13,"39":1,"40":1,"41":1,"42":0,"43":1,"44":1,"45":0,"46":0,"47":0,"48":0,"49":13,"50":1,"51":1,"52":1,"53":0,"54":1,"55":1,"56":0,"57":0},"f":{"0":1,"1":0,"2":1,"3":1,"4":1},"b":{"0":[0],"1":[0],"2":[0],"3":[0],"4":[0,1],"5":[0,1],"6":[1,1],"7":[0,0],"8":[0,0],"9":[0,1],"10":[1,0],"11":[0,0],"12":[0,0],"13":[0,1],"14":[0,0],"15":[0,1]},"_coverageSchema":"1a1c01bbd47fc00a2c39e90264f33305004495a9","hash":"6476f4699916908a4930130db231c5c6f7308b4c"}
,"D:\\Reto Personal\\NASA\\backend\\controllers\\ratingController.js": {"path":"D:\\Reto Personal\\NASA\\backend\\controllers\\ratingController.js","statementMap":{"0":{"start":{"line":1,"column":37},"end":{"line":1,"column":57}},"1":{"start":{"line":2,"column":33},"end":{"line":2,"column":65}},"2":{"start":{"line":5,"column":0},"end":{"line":53,"column":2}},"3":{"start":{"line":6,"column":2},"end":{"line":52,"column":3}},"4":{"start":{"line":7,"column":19},"end":{"line":7,"column":30}},"5":{"start":{"line":8,"column":22},"end":{"line":8,"column":43}},"6":{"start":{"line":9,"column":32},"end":{"line":9,"column":40}},"7":{"start":{"line":12,"column":22},"end":{"line":12,"column":67}},"8":{"start":{"line":13,"column":4},"end":{"line":15,"column":5}},"9":{"start":{"line":14,"column":6},"end":{"line":14,"column":97}},"10":{"start":{"line":18,"column":27},"end":{"line":21,"column":6}},"11":{"start":{"line":23,"column":4},"end":{"line":25,"column":5}},"12":{"start":{"line":24,"column":6},"end":{"line":24,"column":85}},"13":{"start":{"line":28,"column":16},"end":{"line":32,"column":6}},"14":{"start":{"line":34,"column":4},"end":{"line":44,"column":7}},"15":{"start":{"line":46,"column":4},"end":{"line":46,"column":21}},"16":{"start":{"line":48,"column":4},"end":{"line":50,"column":5}},"17":{"start":{"line":49,"column":6},"end":{"line":49,"column":77}},"18":{"start":{"line":51,"column":4},"end":{"line":51,"column":69}},"19":{"start":{"line":56,"column":0},"end":{"line":93,"column":2}},"20":{"start":{"line":57,"column":2},"end":{"line":92,"column":3}},"21":{"start":{"line":58,"column":22},"end":{"line":58,"column":43}},"22":{"start":{"line":59,"column":17},"end":{"line":59,"column":44}},"23":{"start":{"line":60,"column":21},"end":{"line":60,"column":53}},"24":{"start":{"line":62,"column":19},"end":{"line":62,"column":40}},"25":{"start":{"line":64,"column":31},"end":{"line":77,"column":6}},"26":{"start":{"line":79,"column":4},"end":{"line":88,"column":7}},"27":{"start":{"line":90,"column":4},"end":{"line":90,"column":21}},"28":{"start":{"line":91,"column":4},"end":{"line":91,"column":62}}},"fnMap":{"0":{"name":"(anonymous_0)","decl":{"start":{"line":5,"column":25},"end":{"line":5,"column":26}},"loc":{"start":{"line":5,"column":45},"end":{"line":53,"column":1}},"line":5},"1":{"name":"(anonymous_1)","decl":{"start":{"line":56,"column":25},"end":{"line":56,"column":26}},"loc":{"start":{"line":56,"column":45},"end":{"line":93,"column":1}},"line":56}},"branchMap":{"0":{"loc":{"start":{"line":13,"column":4},"end":{"line":15,"column":5}},"type":"if","locations":[{"start":{"line":13,"column":4},"end":{"line":15,"column":5}},{"start":{},"end":{}}],"line":13},"1":{"loc":{"start":{"line":20,"column":75},"end":{"line":20,"column":90}},"type":"binary-expr","locations":[{"start":{"line":20,"column":75},"end":{"line":20,"column":82}},{"start":{"line":20,"column":86},"end":{"line":20,"column":90}}],"line":20},"2":{"loc":{"start":{"line":23,"column":4},"end":{"line":25,"column":5}},"type":"if","locations":[{"start":{"line":23,"column":4},"end":{"line":25,"column":5}},{"start":{},"end":{}}],"line":23},"3":{"loc":{"start":{"line":24,"column":42},"end":{"line":24,"column":57}},"type":"binary-expr","locations":[{"start":{"line":24,"column":42},"end":{"line":24,"column":49}},{"start":{"line":24,"column":53},"end":{"line":24,"column":57}}],"line":24},"4":{"loc":{"start":{"line":34,"column":22},"end":{"line":34,"column":41}},"type":"cond-expr","locations":[{"start":{"line":34,"column":32},"end":{"line":34,"column":35}},{"start":{"line":34,"column":38},"end":{"line":34,"column":41}}],"line":34},"5":{"loc":{"start":{"line":42,"column":18},"end":{"line":42,"column":30}},"type":"binary-expr","locations":[{"start":{"line":42,"column":18},"end":{"line":42,"column":25}},{"start":{"line":42,"column":29},"end":{"line":42,"column":30}}],"line":42},"6":{"loc":{"start":{"line":48,"column":4},"end":{"line":50,"column":5}},"type":"if","locations":[{"start":{"line":48,"column":4},"end":{"line":50,"column":5}},{"start":{},"end":{}}],"line":48},"7":{"loc":{"start":{"line":59,"column":24},"end":{"line":59,"column":43}},"type":"binary-expr","locations":[{"start":{"line":59,"column":24},"end":{"line":59,"column":38}},{"start":{"line":59,"column":42},"end":{"line":59,"column":43}}],"line":59},"8":{"loc":{"start":{"line":60,"column":28},"end":{"line":60,"column":52}},"type":"binary-expr","locations":[{"start":{"line":60,"column":28},"end":{"line":60,"column":46}},{"start":{"line":60,"column":50},"end":{"line":60,"column":52}}],"line":60},"9":{"loc":{"start":{"line":85,"column":20},"end":{"line":85,"column":52}},"type":"binary-expr","locations":[{"start":{"line":85,"column":20},"end":{"line":85,"column":47}},{"start":{"line":85,"column":51},"end":{"line":85,"column":52}}],"line":85},"10":{"loc":{"start":{"line":86,"column":20},"end":{"line":86,"column":33}},"type":"binary-expr","locations":[{"start":{"line":86,"column":20},"end":{"line":86,"column":28}},{"start":{"line":86,"column":32},"end":{"line":86,"column":33}}],"line":86}},"s":{"0":13,"1":13,"2":13,"3":3,"4":3,"5":3,"6":3,"7":3,"8":3,"9":1,"10":2,"11":2,"12":1,"13":2,"14":2,"15":0,"16":0,"17":0,"18":0,"19":13,"20":1,"21":1,"22":1,"23":1,"24":1,"25":1,"26":1,"27":0,"28":0},"f":{"0":3,"1":1},"b":{"0":[1,2],"1":[2,0],"2":[1,1],"3":[1,0],"4":[1,1],"5":[2,0],"6":[0,0],"7":[1,0],"8":[1,0],"9":[1,0],"10":[1,0]},"_coverageSchema":"1a1c01bbd47fc00a2c39e90264f33305004495a9","hash":"7d79f79db4acc25d6c42e08f4e7f0e03ba00979e"}
,"D:\\Reto Personal\\NASA\\backend\\controllers\\userController.js": {"path":"D:\\Reto Personal\\NASA\\backend\\controllers\\userController.js","statementMap":{"0":{"start":{"line":1,"column":15},"end":{"line":1,"column":32}},"1":{"start":{"line":2,"column":12},"end":{"line":2,"column":35}},"2":{"start":{"line":3,"column":15},"end":{"line":3,"column":35}},"3":{"start":{"line":4,"column":30},"end":{"line":4,"column":50}},"4":{"start":{"line":5,"column":15},"end":{"line":5,"column":42}},"5":{"start":{"line":9,"column":2},"end":{"line":9,"column":61}},"6":{"start":{"line":13,"column":2},"end":{"line":13,"column":52}},"7":{"start":{"line":19,"column":0},"end":{"line":48,"column":2}},"8":{"start":{"line":20,"column":2},"end":{"line":47,"column":3}},"9":{"start":{"line":21,"column":30},"end":{"line":21,"column":38}},"10":{"start":{"line":22,"column":4},"end":{"line":22,"column":99}},"11":{"start":{"line":22,"column":29},"end":{"line":22,"column":99}},"12":{"start":{"line":23,"column":4},"end":{"line":23,"column":33}},"13":{"start":{"line":25,"column":17},"end":{"line":25,"column":57}},"14":{"start":{"line":26,"column":4},"end":{"line":26,"column":79}},"15":{"start":{"line":26,"column":15},"end":{"line":26,"column":79}},"16":{"start":{"line":28,"column":4},"end":{"line":30,"column":5}},"17":{"start":{"line":29,"column":6},"end":{"line":29,"column":79}},"18":{"start":{"line":32,"column":15},"end":{"line":32,"column":64}},"19":{"start":{"line":33,"column":4},"end":{"line":39,"column":5}},"20":{"start":{"line":34,"column":20},"end":{"line":34,"column":72}},"21":{"start":{"line":35,"column":20},"end":{"line":35,"column":52}},"22":{"start":{"line":36,"column":6},"end":{"line":36,"column":81}},"23":{"start":{"line":36,"column":22},"end":{"line":36,"column":81}},"24":{"start":{"line":37,"column":6},"end":{"line":37,"column":31}},"25":{"start":{"line":38,"column":6},"end":{"line":38,"column":71}},"26":{"start":{"line":41,"column":4},"end":{"line":41,"column":99}},"27":{"start":{"line":42,"column":18},"end":{"line":42,"column":112}},"28":{"start":{"line":43,"column":4},"end":{"line":43,"column":108}},"29":{"start":{"line":45,"column":4},"end":{"line":45,"column":21}},"30":{"start":{"line":46,"column":4},"end":{"line":46,"column":61}},"31":{"start":{"line":51,"column":0},"end":{"line":62,"column":2}},"32":{"start":{"line":52,"column":2},"end":{"line":61,"column":3}},"33":{"start":{"line":53,"column":17},"end":{"line":55,"column":6}},"34":{"start":{"line":56,"column":4},"end":{"line":56,"column":71}},"35":{"start":{"line":56,"column":15},"end":{"line":56,"column":71}},"36":{"start":{"line":57,"column":4},"end":{"line":57,"column":26}},"37":{"start":{"line":59,"column":4},"end":{"line":59,"column":21}},"38":{"start":{"line":60,"column":4},"end":{"line":60,"column":52}},"39":{"start":{"line":66,"column":0},"end":{"line":123,"column":2}},"40":{"start":{"line":67,"column":2},"end":{"line":122,"column":3}},"41":{"start":{"line":68,"column":40},"end":{"line":68,"column":48}},"42":{"start":{"line":69,"column":4},"end":{"line":71,"column":5}},"43":{"start":{"line":70,"column":6},"end":{"line":70,"column":66}},"44":{"start":{"line":72,"column":4},"end":{"line":72,"column":33}},"45":{"start":{"line":75,"column":23},"end":{"line":75,"column":92}},"46":{"start":{"line":76,"column":4},"end":{"line":76,"column":88}},"47":{"start":{"line":76,"column":20},"end":{"line":76,"column":88}},"48":{"start":{"line":79,"column":16},"end":{"line":79,"column":24}},"49":{"start":{"line":80,"column":26},"end":{"line":80,"column":80}},"50":{"start":{"line":81,"column":22},"end":{"line":81,"column":71}},"51":{"start":{"line":82,"column":22},"end":{"line":82,"column":87}},"52":{"start":{"line":85,"column":31},"end":{"line":88,"column":6}},"53":{"start":{"line":89,"column":4},"end":{"line":99,"column":5}},"54":{"start":{"line":90,"column":6},"end":{"line":98,"column":9}},"55":{"start":{"line":102,"column":22},"end":{"line":102,"column":36}},"56":{"start":{"line":103,"column":20},"end":{"line":103,"column":71}},"57":{"start":{"line":104,"column":4},"end":{"line":115,"column":7}},"58":{"start":{"line":118,"column":4},"end":{"line":118,"column":106}},"59":{"start":{"line":120,"column":4},"end":{"line":120,"column":21}},"60":{"start":{"line":121,"column":4},"end":{"line":121,"column":64}},"61":{"start":{"line":126,"column":0},"end":{"line":165,"column":2}},"62":{"start":{"line":127,"column":2},"end":{"line":164,"column":3}},"63":{"start":{"line":128,"column":26},"end":{"line":128,"column":34}},"64":{"start":{"line":129,"column":4},"end":{"line":129,"column":93}},"65":{"start":{"line":129,"column":25},"end":{"line":129,"column":93}},"66":{"start":{"line":130,"column":4},"end":{"line":130,"column":33}},"67":{"start":{"line":132,"column":20},"end":{"line":132,"column":67}},"68":{"start":{"line":133,"column":4},"end":{"line":133,"column":86}},"69":{"start":{"line":133,"column":18},"end":{"line":133,"column":86}},"70":{"start":{"line":134,"column":4},"end":{"line":134,"column":99}},"71":{"start":{"line":134,"column":25},"end":{"line":134,"column":99}},"72":{"start":{"line":135,"column":4},"end":{"line":135,"column":109}},"73":{"start":{"line":135,"column":51},"end":{"line":135,"column":109}},"74":{"start":{"line":136,"column":4},"end":{"line":136,"column":119}},"75":{"start":{"line":136,"column":38},"end":{"line":136,"column":119}},"76":{"start":{"line":138,"column":15},"end":{"line":138,"column":67}},"77":{"start":{"line":139,"column":4},"end":{"line":142,"column":5}},"78":{"start":{"line":140,"column":6},"end":{"line":140,"column":70}},"79":{"start":{"line":141,"column":6},"end":{"line":141,"column":64}},"80":{"start":{"line":145,"column":16},"end":{"line":145,"column":118}},"81":{"start":{"line":146,"column":4},"end":{"line":146,"column":81}},"82":{"start":{"line":146,"column":13},"end":{"line":146,"column":81}},"83":{"start":{"line":148,"column":17},"end":{"line":155,"column":6}},"84":{"start":{"line":157,"column":4},"end":{"line":157,"column":50}},"85":{"start":{"line":159,"column":18},"end":{"line":159,"column":112}},"86":{"start":{"line":160,"column":4},"end":{"line":160,"column":108}},"87":{"start":{"line":162,"column":4},"end":{"line":162,"column":21}},"88":{"start":{"line":163,"column":4},"end":{"line":163,"column":71}},"89":{"start":{"line":168,"column":0},"end":{"line":202,"column":2}},"90":{"start":{"line":169,"column":2},"end":{"line":201,"column":3}},"91":{"start":{"line":170,"column":20},"end":{"line":170,"column":28}},"92":{"start":{"line":171,"column":4},"end":{"line":171,"column":74}},"93":{"start":{"line":171,"column":16},"end":{"line":171,"column":74}},"94":{"start":{"line":172,"column":4},"end":{"line":172,"column":33}},"95":{"start":{"line":174,"column":20},"end":{"line":174,"column":67}},"96":{"start":{"line":175,"column":4},"end":{"line":175,"column":86}},"97":{"start":{"line":175,"column":18},"end":{"line":175,"column":86}},"98":{"start":{"line":176,"column":4},"end":{"line":176,"column":99}},"99":{"start":{"line":176,"column":25},"end":{"line":176,"column":99}},"100":{"start":{"line":178,"column":16},"end":{"line":178,"column":24}},"101":{"start":{"line":179,"column":22},"end":{"line":179,"column":71}},"102":{"start":{"line":180,"column":22},"end":{"line":180,"column":87}},"103":{"start":{"line":181,"column":4},"end":{"line":181,"column":76}},"104":{"start":{"line":183,"column":22},"end":{"line":183,"column":36}},"105":{"start":{"line":184,"column":20},"end":{"line":184,"column":71}},"106":{"start":{"line":185,"column":4},"end":{"line":195,"column":7}},"107":{"start":{"line":197,"column":4},"end":{"line":197,"column":58}},"108":{"start":{"line":199,"column":4},"end":{"line":199,"column":21}},"109":{"start":{"line":200,"column":4},"end":{"line":200,"column":70}}},"fnMap":{"0":{"name":"genOTP","decl":{"start":{"line":8,"column":9},"end":{"line":8,"column":15}},"loc":{"start":{"line":8,"column":18},"end":{"line":10,"column":1}},"line":8},"1":{"name":"addMinutes","decl":{"start":{"line":12,"column":9},"end":{"line":12,"column":19}},"loc":{"start":{"line":12,"column":35},"end":{"line":14,"column":1}},"line":12},"2":{"name":"(anonymous_2)","decl":{"start":{"line":19,"column":16},"end":{"line":19,"column":17}},"loc":{"start":{"line":19,"column":36},"end":{"line":48,"column":1}},"line":19},"3":{"name":"(anonymous_3)","decl":{"start":{"line":51,"column":13},"end":{"line":51,"column":14}},"loc":{"start":{"line":51,"column":33},"end":{"line":62,"column":1}},"line":51},"4":{"name":"(anonymous_4)","decl":{"start":{"line":66,"column":19},"end":{"line":66,"column":20}},"loc":{"start":{"line":66,"column":39},"end":{"line":123,"column":1}},"line":66},"5":{"name":"(anonymous_5)","decl":{"start":{"line":126,"column":22},"end":{"line":126,"column":23}},"loc":{"start":{"line":126,"column":42},"end":{"line":165,"column":1}},"line":126},"6":{"name":"(anonymous_6)","decl":{"start":{"line":168,"column":21},"end":{"line":168,"column":22}},"loc":{"start":{"line":168,"column":41},"end":{"line":202,"column":1}},"line":168}},"branchMap":{"0":{"loc":{"start":{"line":22,"column":4},"end":{"line":22,"column":99}},"type":"if","locations":[{"start":{"line":22,"column":4},"end":{"line":22,"column":99}},{"start":{},"end":{}}],"line":22},"1":{"loc":{"start":{"line":22,"column":8},"end":{"line":22,"column":27}},"type":"binary-expr","locations":[{"start":{"line":22,"column":8},"end":{"line":22,"column":14}},{"start":{"line":22,"column":18},"end":{"line":22,"column":27}}],"line":22},"2":{"loc":{"start":{"line":26,"column":4},"end":{"line":26,"column":79}},"type":"if","locations":[{"start":{"line":26,"column":4},"end":{"line":26,"column":79}},{"start":{},"end":{}}],"line":26},"3":{"loc":{"start":{"line":28,"column":4},"end":{"line":30,"column":5}},"type":"if","locations":[{"start":{"line":28,"column":4},"end":{"line":30,"column":5}},{"start":{},"end":{}}],"line":28},"4":{"loc":{"start":{"line":28,"column":8},"end":{"line":28,"column":69}},"type":"binary-expr","locations":[{"start":{"line":28,"column":8},"end":{"line":28,"column":25}},{"start":{"line":28,"column":29},"end":{"line":28,"column":69}}],"line":28},"5":{"loc":{"start":{"line":33,"column":4},"end":{"line":39,"column":5}},"type":"if","locations":[{"start":{"line":33,"column":4},"end":{"line":39,"column":5}},{"start":{},"end":{}}],"line":33},"6":{"loc":{"start":{"line":34,"column":30},"end":{"line":34,"column":61}},"type":"binary-expr","locations":[{"start":{"line":34,"column":30},"end":{"line":34,"column":56}},{"start":{"line":34,"column":60},"end":{"line":34,"column":61}}],"line":34},"7":{"loc":{"start":{"line":36,"column":6},"end":{"line":36,"column":81}},"type":"if","locations":[{"start":{"line":36,"column":6},"end":{"line":36,"column":81}},{"start":{},"end":{}}],"line":36},"8":{"loc":{"start":{"line":56,"column":4},"end":{"line":56,"column":71}},"type":"if","locations":[{"start":{"line":56,"column":4},"end":{"line":56,"column":71}},{"start":{},"end":{}}],"line":56},"9":{"loc":{"start":{"line":69,"column":4},"end":{"line":71,"column":5}},"type":"if","locations":[{"start":{"line":69,"column":4},"end":{"line":71,"column":5}},{"start":{},"end":{}}],"line":69},"10":{"loc":{"start":{"line":69,"column":8},"end":{"line":69,"column":40}},"type":"binary-expr","locations":[{"start":{"line":69,"column":8},"end":{"line":69,"column":17}},{"start":{"line":69,"column":21},"end":{"line":69,"column":27}},{"start":{"line":69,"column":31},"end":{"line":69,"column":40}}],"line":69},"11":{"loc":{"start":{"line":76,"column":4},"end":{"line":76,"column":88}},"type":"if","locations":[{"start":{"line":76,"column":4},"end":{"line":76,"column":88}},{"start":{},"end":{}}],"line":76},"12":{"loc":{"start":{"line":82,"column":52},"end":{"line":82,"column":85}},"type":"binary-expr","locations":[{"start":{"line":82,"column":52},"end":{"line":82,"column":79}},{"start":{"line":82,"column":83},"end":{"line":82,"column":85}}],"line":82},"13":{"loc":{"start":{"line":89,"column":4},"end":{"line":99,"column":5}},"type":"if","locations":[{"start":{"line":89,"column":4},"end":{"line":99,"column":5}},{"start":{},"end":{}}],"line":89},"14":{"loc":{"start":{"line":103,"column":20},"end":{"line":103,"column":71}},"type":"binary-expr","locations":[{"start":{"line":103,"column":20},"end":{"line":103,"column":44}},{"start":{"line":103,"column":48},"end":{"line":103,"column":71}}],"line":103},"15":{"loc":{"start":{"line":112,"column":29},"end":{"line":112,"column":62}},"type":"binary-expr","locations":[{"start":{"line":112,"column":29},"end":{"line":112,"column":56}},{"start":{"line":112,"column":60},"end":{"line":112,"column":62}}],"line":112},"16":{"loc":{"start":{"line":129,"column":4},"end":{"line":129,"column":93}},"type":"if","locations":[{"start":{"line":129,"column":4},"end":{"line":129,"column":93}},{"start":{},"end":{}}],"line":129},"17":{"loc":{"start":{"line":129,"column":8},"end":{"line":129,"column":23}},"type":"binary-expr","locations":[{"start":{"line":129,"column":8},"end":{"line":129,"column":14}},{"start":{"line":129,"column":18},"end":{"line":129,"column":23}}],"line":129},"18":{"loc":{"start":{"line":133,"column":4},"end":{"line":133,"column":86}},"type":"if","locations":[{"start":{"line":133,"column":4},"end":{"line":133,"column":86}},{"start":{},"end":{}}],"line":133},"19":{"loc":{"start":{"line":134,"column":4},"end":{"line":134,"column":99}},"type":"if","locations":[{"start":{"line":134,"column":4},"end":{"line":134,"column":99}},{"start":{},"end":{}}],"line":134},"20":{"loc":{"start":{"line":135,"column":4},"end":{"line":135,"column":109}},"type":"if","locations":[{"start":{"line":135,"column":4},"end":{"line":135,"column":109}},{"start":{},"end":{}}],"line":135},"21":{"loc":{"start":{"line":136,"column":4},"end":{"line":136,"column":119}},"type":"if","locations":[{"start":{"line":136,"column":4},"end":{"line":136,"column":119}},{"start":{},"end":{}}],"line":136},"22":{"loc":{"start":{"line":136,"column":9},"end":{"line":136,"column":30}},"type":"binary-expr","locations":[{"start":{"line":136,"column":9},"end":{"line":136,"column":25}},{"start":{"line":136,"column":29},"end":{"line":136,"column":30}}],"line":136},"23":{"loc":{"start":{"line":139,"column":4},"end":{"line":142,"column":5}},"type":"if","locations":[{"start":{"line":139,"column":4},"end":{"line":142,"column":5}},{"start":{},"end":{}}],"line":139},"24":{"loc":{"start":{"line":140,"column":40},"end":{"line":140,"column":61}},"type":"binary-expr","locations":[{"start":{"line":140,"column":40},"end":{"line":140,"column":56}},{"start":{"line":140,"column":60},"end":{"line":140,"column":61}}],"line":140},"25":{"loc":{"start":{"line":146,"column":4},"end":{"line":146,"column":81}},"type":"if","locations":[{"start":{"line":146,"column":4},"end":{"line":146,"column":81}},{"start":{},"end":{}}],"line":146},"26":{"loc":{"start":{"line":152,"column":21},"end":{"line":152,"column":56}},"type":"binary-expr","locations":[{"start":{"line":152,"column":21},"end":{"line":152,"column":42}},{"start":{"line":152,"column":46},"end":{"line":152,"column":56}}],"line":152},"27":{"loc":{"start":{"line":171,"column":4},"end":{"line":171,"column":74}},"type":"if","locations":[{"start":{"line":171,"column":4},"end":{"line":171,"column":74}},{"start":{},"end":{}}],"line":171},"28":{"loc":{"start":{"line":175,"column":4},"end":{"line":175,"column":86}},"type":"if","locations":[{"start":{"line":175,"column":4},"end":{"line":175,"column":86}},{"start":{},"end":{}}],"line":175},"29":{"loc":{"start":{"line":176,"column":4},"end":{"line":176,"column":99}},"type":"if","locations":[{"start":{"line":176,"column":4},"end":{"line":176,"column":99}},{"start":{},"end":{}}],"line":176},"30":{"loc":{"start":{"line":180,"column":52},"end":{"line":180,"column":85}},"type":"binary-expr","locations":[{"start":{"line":180,"column":52},"end":{"line":180,"column":79}},{"start":{"line":180,"column":83},"end":{"line":180,"column":85}}],"line":180},"31":{"loc":{"start":{"line":184,"column":20},"end":{"line":184,"column":71}},"type":"binary-expr","locations":[{"start":{"line":184,"column":20},"end":{"line":184,"column":44}},{"start":{"line":184,"column":48},"end":{"line":184,"column":71}}],"line":184},"32":{"loc":{"start":{"line":192,"column":29},"end":{"line":192,"column":62}},"type":"binary-expr","locations":[{"start":{"line":192,"column":29},"end":{"line":192,"column":56}},{"start":{"line":192,"column":60},"end":{"line":192,"column":62}}],"line":192}},"s":{"0":13,"1":13,"2":13,"3":13,"4":13,"5":1,"6":1,"7":13,"8":2,"9":2,"10":2,"11":0,"12":2,"13":2,"14":2,"15":0,"16":2,"17":0,"18":2,"19":2,"20":0,"21":0,"22":0,"23":0,"24":0,"25":0,"26":2,"27":2,"28":2,"29":0,"30":0,"31":13,"32":0,"33":0,"34":0,"35":0,"36":0,"37":0,"38":0,"39":13,"40":0,"41":0,"42":0,"43":0,"44":0,"45":0,"46":0,"47":0,"48":0,"49":0,"50":0,"51":0,"52":0,"53":0,"54":0,"55":0,"56":0,"57":0,"58":0,"59":0,"60":0,"61":13,"62":1,"63":1,"64":1,"65":0,"66":1,"67":1,"68":1,"69":0,"70":1,"71":0,"72":1,"73":0,"74":1,"75":0,"76":1,"77":1,"78":0,"79":0,"80":1,"81":1,"82":0,"83":1,"84":1,"85":1,"86":1,"87":0,"88":0,"89":13,"90":1,"91":1,"92":1,"93":0,"94":1,"95":1,"96":1,"97":0,"98":1,"99":0,"100":1,"101":1,"102":1,"103":1,"104":1,"105":1,"106":1,"107":1,"108":0,"109":0},"f":{"0":1,"1":1,"2":2,"3":0,"4":0,"5":1,"6":1},"b":{"0":[0,2],"1":[2,2],"2":[0,2],"3":[0,2],"4":[2,0],"5":[0,2],"6":[0,0],"7":[0,0],"8":[0,0],"9":[0,0],"10":[0,0,0],"11":[0,0],"12":[0,0],"13":[0,0],"14":[0,0],"15":[0,0],"16":[0,1],"17":[1,1],"18":[0,1],"19":[0,1],"20":[0,1],"21":[0,1],"22":[1,1],"23":[0,1],"24":[0,0],"25":[0,1],"26":[1,0],"27":[0,1],"28":[0,1],"29":[0,1],"30":[1,0],"31":[1,1],"32":[1,0]},"_coverageSchema":"1a1c01bbd47fc00a2c39e90264f33305004495a9","hash":"6737980aaacf890e889363474383f92db080d894"}
,"D:\\Reto Personal\\NASA\\backend\\middleware\\auth.js": {"path":"D:\\Reto Personal\\NASA\\backend\\middleware\\auth.js","statementMap":{"0":{"start":{"line":2,"column":12},"end":{"line":2,"column":35}},"1":{"start":{"line":4,"column":0},"end":{"line":28,"column":2}},"2":{"start":{"line":5,"column":2},"end":{"line":27,"column":3}},"3":{"start":{"line":6,"column":16},"end":{"line":6,"column":47}},"4":{"start":{"line":7,"column":28},"end":{"line":7,"column":42}},"5":{"start":{"line":9,"column":4},"end":{"line":11,"column":5}},"6":{"start":{"line":10,"column":6},"end":{"line":10,"column":64}},"7":{"start":{"line":13,"column":20},"end":{"line":13,"column":61}},"8":{"start":{"line":15,"column":4},"end":{"line":17,"column":5}},"9":{"start":{"line":16,"column":6},"end":{"line":16,"column":63}},"10":{"start":{"line":19,"column":4},"end":{"line":19,"column":56}},"11":{"start":{"line":20,"column":4},"end":{"line":20,"column":11}},"12":{"start":{"line":23,"column":4},"end":{"line":25,"column":5}},"13":{"start":{"line":24,"column":6},"end":{"line":24,"column":63}},"14":{"start":{"line":26,"column":4},"end":{"line":26,"column":60}}},"fnMap":{"0":{"name":"(anonymous_0)","decl":{"start":{"line":4,"column":17},"end":{"line":4,"column":18}},"loc":{"start":{"line":4,"column":37},"end":{"line":28,"column":1}},"line":4}},"branchMap":{"0":{"loc":{"start":{"line":6,"column":16},"end":{"line":6,"column":47}},"type":"binary-expr","locations":[{"start":{"line":6,"column":16},"end":{"line":6,"column":41}},{"start":{"line":6,"column":45},"end":{"line":6,"column":47}}],"line":6},"1":{"loc":{"start":{"line":9,"column":4},"end":{"line":11,"column":5}},"type":"if","locations":[{"start":{"line":9,"column":4},"end":{"line":11,"column":5}},{"start":{},"end":{}}],"line":9},"2":{"loc":{"start":{"line":9,"column":8},"end":{"line":9,"column":37}},"type":"binary-expr","locations":[{"start":{"line":9,"column":8},"end":{"line":9,"column":27}},{"start":{"line":9,"column":31},"end":{"line":9,"column":37}}],"line":9},"3":{"loc":{"start":{"line":15,"column":4},"end":{"line":17,"column":5}},"type":"if","locations":[{"start":{"line":15,"column":4},"end":{"line":17,"column":5}},{"start":{},"end":{}}],"line":15},"4":{"loc":{"start":{"line":15,"column":8},"end":{"line":15,"column":49}},"type":"binary-expr","locations":[{"start":{"line":15,"column":8},"end":{"line":15,"column":16}},{"start":{"line":15,"column":20},"end":{"line":15,"column":31}},{"start":{"line":15,"column":35},"end":{"line":15,"column":49}}],"line":15},"5":{"loc":{"start":{"line":23,"column":4},"end":{"line":25,"column":5}},"type":"if","locations":[{"start":{"line":23,"column":4},"end":{"line":25,"column":5}},{"start":{},"end":{}}],"line":23}},"s":{"0":13,"1":13,"2":20,"3":20,"4":20,"5":20,"6":0,"7":20,"8":20,"9":0,"10":20,"11":20,"12":0,"13":0,"14":0},"f":{"0":20},"b":{"0":[20,0],"1":[0,20],"2":[20,20],"3":[0,20],"4":[20,20,20],"5":[0,0]},"_coverageSchema":"1a1c01bbd47fc00a2c39e90264f33305004495a9","hash":"eec64dabc7199170440e1fd31d478169621bf411"}
,"D:\\Reto Personal\\NASA\\backend\\middleware\\limits.js": {"path":"D:\\Reto Personal\\NASA\\backend\\middleware\\limits.js","statementMap":{"0":{"start":{"line":2,"column":18},"end":{"line":2,"column":47}},"1":{"start":{"line":4,"column":0},"end":{"line":9,"column":3}},"2":{"start":{"line":11,"column":0},"end":{"line":16,"column":3}},"3":{"start":{"line":18,"column":0},"end":{"line":23,"column":3}}},"fnMap":{},"branchMap":{},"s":{"0":13,"1":13,"2":13,"3":13},"f":{},"b":{},"_coverageSchema":"1a1c01bbd47fc00a2c39e90264f33305004495a9","hash":"5690279b1142ef7bf5db44dfc65a6364af0d65c7"}
,"D:\\Reto Personal\\NASA\\backend\\middleware\\requireAdmin.js": {"path":"D:\\Reto Personal\\NASA\\backend\\middleware\\requireAdmin.js","statementMap":{"0":{"start":{"line":2,"column":0},"end":{"line":21,"column":2}},"1":{"start":{"line":3,"column":2},"end":{"line":20,"column":3}},"2":{"start":{"line":4,"column":4},"end":{"line":4,"column":95}},"3":{"start":{"line":4,"column":38},"end":{"line":4,"column":95}},"4":{"start":{"line":6,"column":19},"end":{"line":9,"column":22}},"5":{"start":{"line":8,"column":16},"end":{"line":8,"column":38}},"6":{"start":{"line":11,"column":18},"end":{"line":11,"column":60}},"7":{"start":{"line":12,"column":4},"end":{"line":14,"column":5}},"8":{"start":{"line":13,"column":6},"end":{"line":13,"column":63}},"9":{"start":{"line":16,"column":4},"end":{"line":16,"column":11}},"10":{"start":{"line":18,"column":4},"end":{"line":18,"column":21}},"11":{"start":{"line":19,"column":4},"end":{"line":19,"column":61}}},"fnMap":{"0":{"name":"(anonymous_0)","decl":{"start":{"line":2,"column":17},"end":{"line":2,"column":18}},"loc":{"start":{"line":2,"column":37},"end":{"line":21,"column":1}},"line":2},"1":{"name":"(anonymous_1)","decl":{"start":{"line":8,"column":11},"end":{"line":8,"column":12}},"loc":{"start":{"line":8,"column":16},"end":{"line":8,"column":38}},"line":8}},"branchMap":{"0":{"loc":{"start":{"line":4,"column":4},"end":{"line":4,"column":95}},"type":"if","locations":[{"start":{"line":4,"column":4},"end":{"line":4,"column":95}},{"start":{},"end":{}}],"line":4},"1":{"loc":{"start":{"line":4,"column":8},"end":{"line":4,"column":36}},"type":"binary-expr","locations":[{"start":{"line":4,"column":8},"end":{"line":4,"column":17}},{"start":{"line":4,"column":21},"end":{"line":4,"column":36}}],"line":4},"2":{"loc":{"start":{"line":6,"column":26},"end":{"line":6,"column":56}},"type":"binary-expr","locations":[{"start":{"line":6,"column":26},"end":{"line":6,"column":50}},{"start":{"line":6,"column":54},"end":{"line":6,"column":56}}],"line":6},"3":{"loc":{"start":{"line":11,"column":25},"end":{"line":11,"column":45}},"type":"binary-expr","locations":[{"start":{"line":11,"column":25},"end":{"line":11,"column":39}},{"start":{"line":11,"column":43},"end":{"line":11,"column":45}}],"line":11},"4":{"loc":{"start":{"line":12,"column":4},"end":{"line":14,"column":5}},"type":"if","locations":[{"start":{"line":12,"column":4},"end":{"line":14,"column":5}},{"start":{},"end":{}}],"line":12}},"s":{"0":13,"1":5,"2":5,"3":0,"4":5,"5":5,"6":5,"7":5,"8":1,"9":4,"10":0,"11":0},"f":{"0":5,"1":5},"b":{"0":[0,5],"1":[5,5],"2":[5,0],"3":[5,0],"4":[1,4]},"_coverageSchema":"1a1c01bbd47fc00a2c39e90264f33305004495a9","hash":"8630f8166a549f4ce1f7161d29a82d9bce215435"}
,"D:\\Reto Personal\\NASA\\backend\\models\\index.js": {"path":"D:\\Reto Personal\\NASA\\backend\\models\\index.js","statementMap":{"0":{"start":{"line":1,"column":33},"end":{"line":1,"column":53}},"1":{"start":{"line":2,"column":18},"end":{"line":2,"column":41}},"2":{"start":{"line":5,"column":11},"end":{"line":5,"column":13}},"3":{"start":{"line":6,"column":0},"end":{"line":6,"column":25}},"4":{"start":{"line":7,"column":0},"end":{"line":7,"column":25}},"5":{"start":{"line":10,"column":0},"end":{"line":10,"column":57}},"6":{"start":{"line":11,"column":0},"end":{"line":11,"column":60}},"7":{"start":{"line":12,"column":0},"end":{"line":12,"column":65}},"8":{"start":{"line":13,"column":0},"end":{"line":13,"column":58}},"9":{"start":{"line":14,"column":0},"end":{"line":14,"column":65}},"10":{"start":{"line":15,"column":0},"end":{"line":15,"column":69}},"11":{"start":{"line":16,"column":0},"end":{"line":16,"column":67}},"12":{"start":{"line":17,"column":0},"end":{"line":17,"column":69}},"13":{"start":{"line":20,"column":0},"end":{"line":20,"column":63}},"14":{"start":{"line":21,"column":0},"end":{"line":21,"column":63}},"15":{"start":{"line":23,"column":0},"end":{"line":23,"column":67}},"16":{"start":{"line":24,"column":0},"end":{"line":24,"column":67}},"17":{"start":{"line":26,"column":0},"end":{"line":26,"column":67}},"18":{"start":{"line":27,"column":0},"end":{"line":27,"column":69}},"19":{"start":{"line":29,"column":0},"end":{"line":29,"column":61}},"20":{"start":{"line":30,"column":0},"end":{"line":30,"column":63}},"21":{"start":{"line":32,"column":0},"end":{"line":32,"column":63}},"22":{"start":{"line":33,"column":0},"end":{"line":33,"column":65}},"23":{"start":{"line":36,"column":0},"end":{"line":36,"column":20}}},"fnMap":{},"branchMap":{},"s":{"0":13,"1":13,"2":13,"3":13,"4":13,"5":13,"6":13,"7":13,"8":13,"9":13,"10":13,"11":13,"12":13,"13":13,"14":13,"15":13,"16":13,"17":13,"18":13,"19":13,"20":13,"21":13,"22":13,"23":13},"f":{},"b":{},"_coverageSchema":"1a1c01bbd47fc00a2c39e90264f33305004495a9","hash":"ae625c3325bcd64f4a0d386bde6fde3cb4f65bf7"}
,"D:\\Reto Personal\\NASA\\backend\\models\\order.js": {"path":"D:\\Reto Personal\\NASA\\backend\\models\\order.js","statementMap":{"0":{"start":{"line":1,"column":0},"end":{"line":12,"column":2}},"1":{"start":{"line":2,"column":2},"end":{"line":11,"column":47}},"2":{"start":{"line":6,"column":25},"end":{"line":6,"column":67}}},"fnMap":{"0":{"name":"(anonymous_0)","decl":{"start":{"line":1,"column":17},"end":{"line":1,"column":18}},"loc":{"start":{"line":1,"column":43},"end":{"line":12,"column":1}},"line":1},"1":{"name":"(anonymous_1)","decl":{"start":{"line":6,"column":18},"end":{"line":6,"column":19}},"loc":{"start":{"line":6,"column":23},"end":{"line":6,"column":69}},"line":6}},"branchMap":{},"s":{"0":13,"1":13,"2":6},"f":{"0":13,"1":6},"b":{},"_coverageSchema":"1a1c01bbd47fc00a2c39e90264f33305004495a9","hash":"5d3bacddda2678ff585d872dbbedd978fa5e9513"}
,"D:\\Reto Personal\\NASA\\backend\\models\\order_detail.js": {"path":"D:\\Reto Personal\\NASA\\backend\\models\\order_detail.js","statementMap":{"0":{"start":{"line":1,"column":0},"end":{"line":11,"column":2}},"1":{"start":{"line":2,"column":2},"end":{"line":10,"column":54}},"2":{"start":{"line":8,"column":29},"end":{"line":8,"column":76}}},"fnMap":{"0":{"name":"(anonymous_0)","decl":{"start":{"line":1,"column":17},"end":{"line":1,"column":18}},"loc":{"start":{"line":1,"column":43},"end":{"line":11,"column":1}},"line":1},"1":{"name":"(anonymous_1)","decl":{"start":{"line":8,"column":22},"end":{"line":8,"column":23}},"loc":{"start":{"line":8,"column":27},"end":{"line":8,"column":78}},"line":8}},"branchMap":{},"s":{"0":13,"1":13,"2":1},"f":{"0":13,"1":1},"b":{},"_coverageSchema":"1a1c01bbd47fc00a2c39e90264f33305004495a9","hash":"4e9d1c9fc6e3c44643b80c13e51a4907c0f971da"}
,"D:\\Reto Personal\\NASA\\backend\\models\\payment_intent.js": {"path":"D:\\Reto Personal\\NASA\\backend\\models\\payment_intent.js","statementMap":{"0":{"start":{"line":1,"column":0},"end":{"line":14,"column":2}},"1":{"start":{"line":2,"column":2},"end":{"line":13,"column":139}},"2":{"start":{"line":5,"column":80},"end":{"line":5,"column":123}}},"fnMap":{"0":{"name":"(anonymous_0)","decl":{"start":{"line":1,"column":17},"end":{"line":1,"column":18}},"loc":{"start":{"line":1,"column":43},"end":{"line":14,"column":1}},"line":1},"1":{"name":"(anonymous_1)","decl":{"start":{"line":5,"column":73},"end":{"line":5,"column":74}},"loc":{"start":{"line":5,"column":78},"end":{"line":5,"column":125}},"line":5}},"branchMap":{},"s":{"0":13,"1":13,"2":4},"f":{"0":13,"1":4},"b":{},"_coverageSchema":"1a1c01bbd47fc00a2c39e90264f33305004495a9","hash":"21c7280b53ca16b194a3573d14612bebc93699ad"}
,"D:\\Reto Personal\\NASA\\backend\\models\\pending_reset.js": {"path":"D:\\Reto Personal\\NASA\\backend\\models\\pending_reset.js","statementMap":{"0":{"start":{"line":1,"column":0},"end":{"line":11,"column":2}},"1":{"start":{"line":2,"column":2},"end":{"line":10,"column":103}}},"fnMap":{"0":{"name":"(anonymous_0)","decl":{"start":{"line":1,"column":17},"end":{"line":1,"column":18}},"loc":{"start":{"line":1,"column":43},"end":{"line":11,"column":1}},"line":1}},"branchMap":{},"s":{"0":13,"1":13},"f":{"0":13},"b":{},"_coverageSchema":"1a1c01bbd47fc00a2c39e90264f33305004495a9","hash":"ac0cd714941824820224ad47edd800e78a71bd84"}
,"D:\\Reto Personal\\NASA\\backend\\models\\pending_user.js": {"path":"D:\\Reto Personal\\NASA\\backend\\models\\pending_user.js","statementMap":{"0":{"start":{"line":3,"column":0},"end":{"line":56,"column":2}},"1":{"start":{"line":4,"column":22},"end":{"line":53,"column":4}},"2":{"start":{"line":55,"column":2},"end":{"line":55,"column":21}}},"fnMap":{"0":{"name":"(anonymous_0)","decl":{"start":{"line":3,"column":17},"end":{"line":3,"column":18}},"loc":{"start":{"line":3,"column":43},"end":{"line":56,"column":1}},"line":3}},"branchMap":{},"s":{"0":13,"1":13,"2":13},"f":{"0":13},"b":{},"_coverageSchema":"1a1c01bbd47fc00a2c39e90264f33305004495a9","hash":"8527e6488d5ab94f007a7edf7dad5c93dd14ca13"}
,"D:\\Reto Personal\\NASA\\backend\\models\\product.js": {"path":"D:\\Reto Personal\\NASA\\backend\\models\\product.js","statementMap":{"0":{"start":{"line":3,"column":0},"end":{"line":25,"column":2}},"1":{"start":{"line":4,"column":18},"end":{"line":22,"column":4}},"2":{"start":{"line":14,"column":76},"end":{"line":14,"column":118}},"3":{"start":{"line":24,"column":2},"end":{"line":24,"column":17}}},"fnMap":{"0":{"name":"(anonymous_0)","decl":{"start":{"line":3,"column":17},"end":{"line":3,"column":18}},"loc":{"start":{"line":3,"column":43},"end":{"line":25,"column":1}},"line":3},"1":{"name":"(anonymous_1)","decl":{"start":{"line":14,"column":68},"end":{"line":14,"column":69}},"loc":{"start":{"line":14,"column":74},"end":{"line":14,"column":120}},"line":14}},"branchMap":{},"s":{"0":13,"1":13,"2":16,"3":13},"f":{"0":13,"1":16},"b":{},"_coverageSchema":"1a1c01bbd47fc00a2c39e90264f33305004495a9","hash":"b5a406af3f3000dfa0ca1e07d64d280776fdb60e"}
,"D:\\Reto Personal\\NASA\\backend\\models\\product_rating.js": {"path":"D:\\Reto Personal\\NASA\\backend\\models\\product_rating.js","statementMap":{"0":{"start":{"line":2,"column":0},"end":{"line":49,"column":2}},"1":{"start":{"line":3,"column":24},"end":{"line":46,"column":4}},"2":{"start":{"line":21,"column":14},"end":{"line":21,"column":57}},"3":{"start":{"line":48,"column":2},"end":{"line":48,"column":23}}},"fnMap":{"0":{"name":"(anonymous_0)","decl":{"start":{"line":2,"column":17},"end":{"line":2,"column":18}},"loc":{"start":{"line":2,"column":43},"end":{"line":49,"column":1}},"line":2},"1":{"name":"(anonymous_1)","decl":{"start":{"line":21,"column":6},"end":{"line":21,"column":7}},"loc":{"start":{"line":21,"column":12},"end":{"line":21,"column":59}},"line":21}},"branchMap":{},"s":{"0":13,"1":13,"2":3,"3":13},"f":{"0":13,"1":3},"b":{},"_coverageSchema":"1a1c01bbd47fc00a2c39e90264f33305004495a9","hash":"e753915a8d2a1baded0ba4df491e9dc86a6a0d12"}
,"D:\\Reto Personal\\NASA\\backend\\models\\user.js": {"path":"D:\\Reto Personal\\NASA\\backend\\models\\user.js","statementMap":{"0":{"start":{"line":1,"column":22},"end":{"line":1,"column":42}},"1":{"start":{"line":3,"column":0},"end":{"line":16,"column":26}},"2":{"start":{"line":3,"column":32},"end":{"line":16,"column":25}}},"fnMap":{"0":{"name":"(anonymous_0)","decl":{"start":{"line":3,"column":17},"end":{"line":3,"column":18}},"loc":{"start":{"line":3,"column":32},"end":{"line":16,"column":25}},"line":3}},"branchMap":{},"s":{"0":13,"1":13,"2":13},"f":{"0":13},"b":{},"_coverageSchema":"1a1c01bbd47fc00a2c39e90264f33305004495a9","hash":"517ef99d5809907380302a735d41fd67b5cd82f8"}
,"D:\\Reto Personal\\NASA\\backend\\routes\\orderAdminRoutes.js": {"path":"D:\\Reto Personal\\NASA\\backend\\routes\\orderAdminRoutes.js","statementMap":{"0":{"start":{"line":1,"column":16},"end":{"line":1,"column":34}},"1":{"start":{"line":2,"column":15},"end":{"line":2,"column":31}},"2":{"start":{"line":3,"column":13},"end":{"line":3,"column":42}},"3":{"start":{"line":4,"column":21},"end":{"line":4,"column":58}},"4":{"start":{"line":6,"column":29},"end":{"line":6,"column":75}},"5":{"start":{"line":8,"column":0},"end":{"line":8,"column":83}},"6":{"start":{"line":10,"column":0},"end":{"line":10,"column":24}}},"fnMap":{},"branchMap":{},"s":{"0":13,"1":13,"2":13,"3":13,"4":13,"5":13,"6":13},"f":{},"b":{},"_coverageSchema":"1a1c01bbd47fc00a2c39e90264f33305004495a9","hash":"1067a5bc0fdccd9f578da3d33e37e0d0d9cc0b9b"}
,"D:\\Reto Personal\\NASA\\backend\\routes\\orderRoutes.js": {"path":"D:\\Reto Personal\\NASA\\backend\\routes\\orderRoutes.js","statementMap":{"0":{"start":{"line":1,"column":16},"end":{"line":1,"column":34}},"1":{"start":{"line":2,"column":15},"end":{"line":2,"column":31}},"2":{"start":{"line":3,"column":13},"end":{"line":3,"column":42}},"3":{"start":{"line":4,"column":24},"end":{"line":4,"column":65}},"4":{"start":{"line":5,"column":32},"end":{"line":5,"column":72}},"5":{"start":{"line":7,"column":0},"end":{"line":7,"column":68}},"6":{"start":{"line":8,"column":0},"end":{"line":8,"column":48}},"7":{"start":{"line":9,"column":0},"end":{"line":9,"column":50}},"8":{"start":{"line":11,"column":0},"end":{"line":11,"column":24}}},"fnMap":{},"branchMap":{},"s":{"0":13,"1":13,"2":13,"3":13,"4":13,"5":13,"6":13,"7":13,"8":13},"f":{},"b":{},"_coverageSchema":"1a1c01bbd47fc00a2c39e90264f33305004495a9","hash":"e37928882d5e13597747603b5a15d2baace7a2ae"}
,"D:\\Reto Personal\\NASA\\backend\\routes\\paymentRoutes.js": {"path":"D:\\Reto Personal\\NASA\\backend\\routes\\paymentRoutes.js","statementMap":{"0":{"start":{"line":1,"column":16},"end":{"line":1,"column":34}},"1":{"start":{"line":2,"column":15},"end":{"line":2,"column":31}},"2":{"start":{"line":3,"column":13},"end":{"line":3,"column":42}},"3":{"start":{"line":4,"column":34},"end":{"line":4,"column":76}},"4":{"start":{"line":5,"column":26},"end":{"line":5,"column":69}},"5":{"start":{"line":8,"column":0},"end":{"line":8,"column":79}},"6":{"start":{"line":11,"column":0},"end":{"line":11,"column":67}},"7":{"start":{"line":13,"column":0},"end":{"line":13,"column":24}}},"fnMap":{},"branchMap":{},"s":{"0":13,"1":13,"2":13,"3":13,"4":13,"5":13,"6":13,"7":13},"f":{},"b":{},"_coverageSchema":"1a1c01bbd47fc00a2c39e90264f33305004495a9","hash":"c9d36e7c213ee90a5f62d4980e4a8b1f3065da92"}
,"D:\\Reto Personal\\NASA\\backend\\routes\\productRoutes.js": {"path":"D:\\Reto Personal\\NASA\\backend\\routes\\productRoutes.js","statementMap":{"0":{"start":{"line":1,"column":16},"end":{"line":1,"column":34}},"1":{"start":{"line":2,"column":15},"end":{"line":2,"column":31}},"2":{"start":{"line":4,"column":26},"end":{"line":4,"column":69}},"3":{"start":{"line":5,"column":25},"end":{"line":5,"column":67}},"4":{"start":{"line":6,"column":13},"end":{"line":6,"column":42}},"5":{"start":{"line":7,"column":21},"end":{"line":7,"column":58}},"6":{"start":{"line":8,"column":92},"end":{"line":8,"column":134}},"7":{"start":{"line":9,"column":62},"end":{"line":9,"column":103}},"8":{"start":{"line":12,"column":0},"end":{"line":12,"column":54}},"9":{"start":{"line":13,"column":0},"end":{"line":13,"column":67}},"10":{"start":{"line":16,"column":0},"end":{"line":16,"column":81}},"11":{"start":{"line":17,"column":0},"end":{"line":17,"column":97}},"12":{"start":{"line":20,"column":0},"end":{"line":20,"column":86}},"13":{"start":{"line":21,"column":0},"end":{"line":21,"column":90}},"14":{"start":{"line":22,"column":0},"end":{"line":22,"column":89}},"15":{"start":{"line":24,"column":0},"end":{"line":24,"column":24}}},"fnMap":{},"branchMap":{},"s":{"0":13,"1":13,"2":13,"3":13,"4":13,"5":13,"6":13,"7":13,"8":13,"9":13,"10":13,"11":13,"12":13,"13":13,"14":13,"15":13},"f":{},"b":{},"_coverageSchema":"1a1c01bbd47fc00a2c39e90264f33305004495a9","hash":"d9fe7859accac65a4c3eaf6c6ce2adc796f1172c"}
,"D:\\Reto Personal\\NASA\\backend\\routes\\userRoutes.js": {"path":"D:\\Reto Personal\\NASA\\backend\\routes\\userRoutes.js","statementMap":{"0":{"start":{"line":1,"column":17},"end":{"line":1,"column":35}},"1":{"start":{"line":2,"column":16},"end":{"line":2,"column":32}},"2":{"start":{"line":3,"column":24},"end":{"line":3,"column":64}},"3":{"start":{"line":4,"column":14},"end":{"line":4,"column":43}},"4":{"start":{"line":5,"column":76},"end":{"line":5,"column":115}},"5":{"start":{"line":6,"column":51},"end":{"line":6,"column":82}},"6":{"start":{"line":7,"column":42},"end":{"line":7,"column":85}},"7":{"start":{"line":8,"column":18},"end":{"line":8,"column":47}},"8":{"start":{"line":9,"column":32},"end":{"line":9,"column":81}},"9":{"start":{"line":12,"column":20},"end":{"line":12,"column":108}},"10":{"start":{"line":13,"column":20},"end":{"line":13,"column":109}},"11":{"start":{"line":15,"column":0},"end":{"line":15,"column":50}},"12":{"start":{"line":16,"column":0},"end":{"line":16,"column":47}},"13":{"start":{"line":17,"column":0},"end":{"line":17,"column":53}},"14":{"start":{"line":18,"column":0},"end":{"line":18,"column":52}},"15":{"start":{"line":20,"column":0},"end":{"line":20,"column":83}},"16":{"start":{"line":21,"column":0},"end":{"line":21,"column":80}},"17":{"start":{"line":22,"column":0},"end":{"line":22,"column":87}},"18":{"start":{"line":23,"column":0},"end":{"line":23,"column":85}},"19":{"start":{"line":25,"column":0},"end":{"line":25,"column":89}},"20":{"start":{"line":26,"column":0},"end":{"line":26,"column":88}},"21":{"start":{"line":29,"column":1},"end":{"line":29,"column":44}},"22":{"start":{"line":31,"column":1},"end":{"line":31,"column":25}}},"fnMap":{},"branchMap":{},"s":{"0":13,"1":13,"2":13,"3":13,"4":13,"5":13,"6":13,"7":13,"8":13,"9":13,"10":13,"11":13,"12":13,"13":13,"14":13,"15":13,"16":13,"17":13,"18":13,"19":13,"20":13,"21":13,"22":13},"f":{},"b":{},"_coverageSchema":"1a1c01bbd47fc00a2c39e90264f33305004495a9","hash":"8f92ec3665e04fe71c068e8599eff589968f7e46"}
,"D:\\Reto Personal\\NASA\\backend\\services\\purchases.js": {"path":"D:\\Reto Personal\\NASA\\backend\\services\\purchases.js","statementMap":{"0":{"start":{"line":2,"column":15},"end":{"line":2,"column":35}},"1":{"start":{"line":3,"column":31},"end":{"line":3,"column":51}},"2":{"start":{"line":5,"column":28},"end":{"line":5,"column":47}},"3":{"start":{"line":7,"column":0},"end":{"line":24,"column":2}},"4":{"start":{"line":8,"column":16},"end":{"line":22,"column":4}},"5":{"start":{"line":23,"column":2},"end":{"line":23,"column":19}}},"fnMap":{"0":{"name":"(anonymous_0)","decl":{"start":{"line":7,"column":31},"end":{"line":7,"column":32}},"loc":{"start":{"line":7,"column":80},"end":{"line":24,"column":1}},"line":7}},"branchMap":{"0":{"loc":{"start":{"line":7,"column":57},"end":{"line":7,"column":75}},"type":"default-arg","locations":[{"start":{"line":7,"column":71},"end":{"line":7,"column":75}}],"line":7}},"s":{"0":13,"1":13,"2":13,"3":13,"4":3,"5":3},"f":{"0":3},"b":{"0":[3]},"_coverageSchema":"1a1c01bbd47fc00a2c39e90264f33305004495a9","hash":"b03a01655063f16778338efcca46a8f8da3ab3c8"}
,"D:\\Reto Personal\\NASA\\backend\\tests\\helpers.js": {"path":"D:\\Reto Personal\\NASA\\backend\\tests\\helpers.js","statementMap":{"0":{"start":{"line":1,"column":18},"end":{"line":1,"column":38}},"1":{"start":{"line":2,"column":15},"end":{"line":2,"column":32}},"2":{"start":{"line":3,"column":12},"end":{"line":3,"column":35}},"3":{"start":{"line":4,"column":27},"end":{"line":4,"column":44}},"4":{"start":{"line":5,"column":33},"end":{"line":5,"column":53}},"5":{"start":{"line":7,"column":16},"end":{"line":7,"column":30}},"6":{"start":{"line":10,"column":2},"end":{"line":10,"column":40}},"7":{"start":{"line":14,"column":15},"end":{"line":14,"column":56}},"8":{"start":{"line":15,"column":24},"end":{"line":15,"column":52}},"9":{"start":{"line":17,"column":24},"end":{"line":17,"column":78}},"10":{"start":{"line":18,"column":2},"end":{"line":25,"column":5}},"11":{"start":{"line":30,"column":2},"end":{"line":30,"column":104}},"12":{"start":{"line":34,"column":2},"end":{"line":41,"column":5}},"13":{"start":{"line":44,"column":0},"end":{"line":44,"column":99}}},"fnMap":{"0":{"name":"resetDb","decl":{"start":{"line":9,"column":15},"end":{"line":9,"column":22}},"loc":{"start":{"line":9,"column":25},"end":{"line":11,"column":1}},"line":9},"1":{"name":"createUser","decl":{"start":{"line":13,"column":15},"end":{"line":13,"column":25}},"loc":{"start":{"line":13,"column":69},"end":{"line":26,"column":1}},"line":13},"2":{"name":"signToken","decl":{"start":{"line":29,"column":9},"end":{"line":29,"column":18}},"loc":{"start":{"line":29,"column":25},"end":{"line":31,"column":1}},"line":29},"3":{"name":"createProduct","decl":{"start":{"line":33,"column":15},"end":{"line":33,"column":28}},"loc":{"start":{"line":33,"column":45},"end":{"line":42,"column":1}},"line":33}},"branchMap":{"0":{"loc":{"start":{"line":13,"column":45},"end":{"line":13,"column":65}},"type":"default-arg","locations":[{"start":{"line":13,"column":54},"end":{"line":13,"column":65}}],"line":13},"1":{"loc":{"start":{"line":15,"column":24},"end":{"line":15,"column":52}},"type":"binary-expr","locations":[{"start":{"line":15,"column":24},"end":{"line":15,"column":32}},{"start":{"line":15,"column":36},"end":{"line":15,"column":52}}],"line":15},"2":{"loc":{"start":{"line":33,"column":29},"end":{"line":33,"column":43}},"type":"default-arg","locations":[{"start":{"line":33,"column":41},"end":{"line":33,"column":43}}],"line":33}},"s":{"0":13,"1":13,"2":13,"3":13,"4":13,"5":13,"6":13,"7":10,"8":10,"9":10,"10":10,"11":8,"12":8,"13":13},"f":{"0":13,"1":10,"2":8,"3":8},"b":{"0":[0],"1":[10,10],"2":[0]},"_coverageSchema":"1a1c01bbd47fc00a2c39e90264f33305004495a9","hash":"23ca792032f407ed71ea213d0640dba6161a82b2"}
,"D:\\Reto Personal\\NASA\\backend\\validators\\orderValidators.js": {"path":"D:\\Reto Personal\\NASA\\backend\\validators\\orderValidators.js","statementMap":{"0":{"start":{"line":2,"column":37},"end":{"line":2,"column":57}},"1":{"start":{"line":4,"column":0},"end":{"line":15,"column":3}}},"fnMap":{},"branchMap":{},"s":{"0":13,"1":13},"f":{},"b":{},"_coverageSchema":"1a1c01bbd47fc00a2c39e90264f33305004495a9","hash":"9f6a1310fb3732f6aefc22ba2fac949bd2d3bee5"}
,"D:\\Reto Personal\\NASA\\backend\\validators\\passwordValidators.js": {"path":"D:\\Reto Personal\\NASA\\backend\\validators\\passwordValidators.js","statementMap":{"0":{"start":{"line":1,"column":37},"end":{"line":1,"column":57}},"1":{"start":{"line":3,"column":14},"end":{"line":3,"column":54}},"2":{"start":{"line":4,"column":14},"end":{"line":4,"column":56}},"3":{"start":{"line":5,"column":17},"end":{"line":9,"column":13}},"4":{"start":{"line":11,"column":0},"end":{"line":13,"column":3}},"5":{"start":{"line":15,"column":0},"end":{"line":17,"column":3}}},"fnMap":{},"branchMap":{},"s":{"0":13,"1":13,"2":13,"3":13,"4":13,"5":13},"f":{},"b":{},"_coverageSchema":"1a1c01bbd47fc00a2c39e90264f33305004495a9","hash":"92d3cd0e937339bec7fee94a89b5307ff636336d"}
,"D:\\Reto Personal\\NASA\\backend\\validators\\paymentValidators.js": {"path":"D:\\Reto Personal\\NASA\\backend\\validators\\paymentValidators.js","statementMap":{"0":{"start":{"line":1,"column":37},"end":{"line":1,"column":57}},"1":{"start":{"line":3,"column":0},"end":{"line":10,"column":3}}},"fnMap":{},"branchMap":{},"s":{"0":13,"1":13},"f":{},"b":{},"_coverageSchema":"1a1c01bbd47fc00a2c39e90264f33305004495a9","hash":"578d0121ea41a4753fb66e4d5c1641c6ad89a1bd"}
,"D:\\Reto Personal\\NASA\\backend\\validators\\productValidators.js": {"path":"D:\\Reto Personal\\NASA\\backend\\validators\\productValidators.js","statementMap":{"0":{"start":{"line":1,"column":37},"end":{"line":1,"column":57}},"1":{"start":{"line":3,"column":16},"end":{"line":3,"column":56}},"2":{"start":{"line":5,"column":12},"end":{"line":5,"column":43}},"3":{"start":{"line":6,"column":14},"end":{"line":6,"column":46}},"4":{"start":{"line":7,"column":18},"end":{"line":7,"column":54}},"5":{"start":{"line":8,"column":20},"end":{"line":8,"column":48}},"6":{"start":{"line":9,"column":25},"end":{"line":9,"column":53}},"7":{"start":{"line":10,"column":23},"end":{"line":10,"column":51}},"8":{"start":{"line":11,"column":22},"end":{"line":11,"column":65}},"9":{"start":{"line":12,"column":19},"end":{"line":12,"column":62}},"10":{"start":{"line":13,"column":14},"end":{"line":13,"column":57}},"11":{"start":{"line":14,"column":17},"end":{"line":14,"column":57}},"12":{"start":{"line":15,"column":18},"end":{"line":15,"column":31}},"13":{"start":{"line":17,"column":0},"end":{"line":22,"column":3}},"14":{"start":{"line":24,"column":0},"end":{"line":39,"column":3}},"15":{"start":{"line":41,"column":0},"end":{"line":43,"column":3}},"16":{"start":{"line":45,"column":0},"end":{"line":56,"column":3}}},"fnMap":{},"branchMap":{},"s":{"0":13,"1":13,"2":13,"3":13,"4":13,"5":13,"6":13,"7":13,"8":13,"9":13,"10":13,"11":13,"12":13,"13":13,"14":13,"15":13,"16":13},"f":{},"b":{},"_coverageSchema":"1a1c01bbd47fc00a2c39e90264f33305004495a9","hash":"cc124df729232c77aa75c89e3127878caee5c521"}
,"D:\\Reto Personal\\NASA\\backend\\validators\\ratingValidators.js": {"path":"D:\\Reto Personal\\NASA\\backend\\validators\\ratingValidators.js","statementMap":{"0":{"start":{"line":1,"column":37},"end":{"line":1,"column":57}},"1":{"start":{"line":3,"column":0},"end":{"line":9,"column":3}},"2":{"start":{"line":11,"column":0},"end":{"line":17,"column":3}}},"fnMap":{},"branchMap":{},"s":{"0":13,"1":13,"2":13},"f":{},"b":{},"_coverageSchema":"1a1c01bbd47fc00a2c39e90264f33305004495a9","hash":"ecc83b9cb285b7439cc1215d5c8dcfcfaa3152ca"}
,"D:\\Reto Personal\\NASA\\backend\\validators\\userValidators.js": {"path":"D:\\Reto Personal\\NASA\\backend\\validators\\userValidators.js","statementMap":{"0":{"start":{"line":2,"column":37},"end":{"line":2,"column":57}},"1":{"start":{"line":4,"column":14},"end":{"line":4,"column":54}},"2":{"start":{"line":5,"column":17},"end":{"line":5,"column":55}},"3":{"start":{"line":6,"column":17},"end":{"line":6,"column":56}},"4":{"start":{"line":7,"column":13},"end":{"line":7,"column":55}},"5":{"start":{"line":9,"column":0},"end":{"line":11,"column":3}},"6":{"start":{"line":13,"column":0},"end":{"line":15,"column":3}},"7":{"start":{"line":17,"column":0},"end":{"line":19,"column":3}},"8":{"start":{"line":21,"column":0},"end":{"line":23,"column":3}}},"fnMap":{},"branchMap":{},"s":{"0":13,"1":13,"2":13,"3":13,"4":13,"5":13,"6":13,"7":13,"8":13},"f":{},"b":{},"_coverageSchema":"1a1c01bbd47fc00a2c39e90264f33305004495a9","hash":"6b94646a9edb561d81a001b0d6badefb91f11fce"}
}
