TN:
SF:app.js
FN:32,(anonymous_0)
FN:54,(anonymous_1)
FNF:2
FNH:1
FNDA:1,(anonymous_0)
FNDA:0,(anonymous_1)
DA:1,13
DA:3,13
DA:4,13
DA:5,13
DA:6,13
DA:7,13
DA:8,13
DA:9,13
DA:11,13
DA:12,13
DA:15,13
DA:16,13
DA:17,13
DA:18,13
DA:19,13
DA:21,13
DA:22,13
DA:25,13
DA:26,13
DA:29,13
DA:32,13
DA:35,13
DA:38,13
DA:39,13
DA:40,13
DA:44,13
DA:45,13
DA:46,13
DA:47,13
DA:48,13
DA:51,13
DA:54,13
DA:55,0
DA:56,0
DA:57,0
DA:58,0
DA:59,0
DA:62,13
LF:38
LH:33
BRDA:1,0,0,0
BRDA:1,0,1,13
BRDA:56,1,0,0
BRDA:56,1,1,0
BRDA:56,1,2,0
BRDA:57,2,0,0
BRDA:57,2,1,0
BRDA:58,3,0,0
BRDA:58,3,1,0
BRDA:58,4,0,0
BRDA:58,4,1,0
BRF:11
BRH:1
end_of_record
TN:
SF:config\db.js
FNF:0
FNH:0
DA:1,13
DA:3,13
DA:4,13
DA:6,13
DA:19,13
LF:5
LH:5
BRDA:3,0,0,13
BRDA:3,0,1,0
BRF:2
BRH:1
end_of_record
TN:
SF:config\mailer.js
FN:4,createTransport
FNF:1
FNH:1
FNDA:1,createTransport
DA:2,13
DA:5,1
DA:16,1
DA:17,0
DA:18,0
DA:19,0
DA:21,0
DA:25,1
DA:28,13
LF:9
LH:5
BRDA:7,0,0,1
BRDA:7,0,1,0
BRDA:8,1,0,1
BRDA:8,1,1,0
BRDA:16,2,0,0
BRDA:16,2,1,1
BRF:6
BRH:3
end_of_record
TN:
SF:controllers\orderAdminController.js
FN:3,(anonymous_0)
FNF:1
FNH:1
FNDA:1,(anonymous_0)
DA:1,13
DA:3,13
DA:4,1
DA:5,1
DA:6,1
DA:7,1
DA:9,1
DA:10,1
DA:12,1
DA:13,1
DA:15,0
DA:16,0
LF:12
LH:10
BRDA:7,0,0,0
BRDA:7,0,1,1
BRDA:10,1,0,0
BRDA:10,1,1,1
BRF:4
BRH:2
end_of_record
TN:
SF:controllers\orderController.js
FN:4,(anonymous_0)
FN:25,(anonymous_1)
FN:51,(anonymous_2)
FN:66,(anonymous_3)
FNF:4
FNH:4
FNDA:6,(anonymous_0)
FNDA:6,(anonymous_1)
FNDA:1,(anonymous_2)
FNDA:1,(anonymous_3)
DA:1,13
DA:2,13
DA:4,13
DA:5,6
DA:6,6
DA:7,6
DA:8,6
DA:9,6
DA:12,6
DA:13,6
DA:14,6
DA:15,6
DA:16,6
DA:17,6
DA:19,6
DA:20,6
DA:23,6
DA:25,6
DA:33,6
DA:34,6
DA:35,6
DA:36,6
DA:40,6
DA:42,6
DA:43,6
DA:45,0
DA:46,0
DA:47,0
DA:51,13
DA:52,1
DA:53,1
DA:54,1
DA:59,1
DA:61,0
DA:62,0
DA:66,13
DA:67,1
DA:68,1
DA:69,1
DA:73,1
DA:74,1
DA:76,0
DA:77,0
LF:43
LH:36
BRDA:8,0,0,6
BRDA:8,0,1,0
BRDA:9,1,0,0
BRDA:9,1,1,6
BRDA:15,2,0,0
BRDA:15,2,1,6
BRDA:15,3,0,6
BRDA:15,3,1,6
BRDA:16,4,0,0
BRDA:16,4,1,6
BRDA:17,5,0,0
BRDA:17,5,1,6
BRDA:29,6,0,6
BRDA:29,6,1,6
BRDA:34,7,0,6
BRDA:34,7,1,0
BRDA:47,8,0,0
BRDA:47,8,1,0
BRDA:73,9,0,0
BRDA:73,9,1,1
BRF:20
BRH:11
end_of_record
TN:
SF:controllers\passwordResetController.js
FN:6,genOTP
FN:7,addMinutes
FN:9,mailer
FN:19,(anonymous_3)
FN:62,(anonymous_4)
FNF:5
FNH:1
FNDA:0,genOTP
FNDA:0,addMinutes
FNDA:0,mailer
FNDA:0,(anonymous_3)
FNDA:1,(anonymous_4)
DA:1,13
DA:2,13
DA:3,13
DA:4,13
DA:6,0
DA:7,0
DA:10,0
DA:19,13
DA:20,0
DA:21,0
DA:22,0
DA:24,0
DA:26,0
DA:28,0
DA:29,0
DA:30,0
DA:32,0
DA:36,0
DA:37,0
DA:40,0
DA:41,0
DA:42,0
DA:54,0
DA:56,0
DA:57,0
DA:62,13
DA:63,1
DA:64,1
DA:65,1
DA:67,1
DA:68,1
DA:69,1
DA:70,1
DA:71,1
DA:73,1
DA:74,1
DA:75,0
DA:76,0
DA:79,1
DA:80,1
DA:82,1
DA:83,1
DA:85,1
DA:87,1
DA:89,0
DA:90,0
LF:46
LH:22
BRDA:12,0,0,0
BRDA:12,0,1,0
BRDA:13,1,0,0
BRDA:13,1,1,0
BRDA:26,2,0,0
BRDA:26,2,1,0
BRDA:30,3,0,0
BRDA:30,3,1,0
BRDA:36,4,0,0
BRDA:36,4,1,0
BRDA:41,5,0,0
BRDA:41,5,1,0
BRDA:49,6,0,0
BRDA:49,6,1,0
BRDA:68,7,0,0
BRDA:68,7,1,1
BRDA:69,8,0,0
BRDA:69,8,1,1
BRDA:70,9,0,0
BRDA:70,9,1,1
BRDA:71,10,0,0
BRDA:71,10,1,1
BRDA:71,11,0,1
BRDA:71,11,1,1
BRDA:74,12,0,0
BRDA:74,12,1,1
BRDA:75,13,0,0
BRDA:75,13,1,0
BRDA:80,14,0,0
BRDA:80,14,1,1
BRF:30
BRH:8
end_of_record
TN:
SF:controllers\paymentController.js
FN:4,safeEq
FN:13,(anonymous_1)
FN:71,(anonymous_2)
FNF:3
FNH:3
FNDA:1,safeEq
FNDA:4,(anonymous_1)
FNDA:1,(anonymous_2)
DA:1,13
DA:2,13
DA:5,1
DA:6,1
DA:7,1
DA:8,1
DA:13,13
DA:14,4
DA:15,4
DA:16,4
DA:17,4
DA:18,4
DA:20,4
DA:23,4
DA:24,4
DA:25,1
DA:26,1
DA:29,3
DA:30,3
DA:31,3
DA:33,0
DA:34,0
DA:38,3
DA:44,3
DA:45,0
DA:46,3
DA:50,2
DA:51,2
DA:53,2
DA:56,3
DA:57,3
DA:59,0
DA:60,0
DA:61,0
DA:62,0
DA:64,0
DA:71,13
DA:72,1
DA:73,1
DA:74,1
DA:75,1
DA:76,1
DA:78,1
DA:79,1
DA:80,0
DA:83,1
DA:84,1
DA:87,1
DA:90,1
DA:93,1
DA:94,1
DA:96,1
DA:97,0
DA:100,1
DA:101,1
DA:103,0
DA:104,0
DA:105,0
LF:58
LH:45
BRDA:5,0,0,1
BRDA:5,0,1,0
BRDA:6,1,0,1
BRDA:6,1,1,0
BRDA:7,2,0,0
BRDA:7,2,1,1
BRDA:18,3,0,0
BRDA:18,3,1,4
BRDA:20,4,0,0
BRDA:20,5,0,0
BRDA:24,6,0,1
BRDA:24,6,1,3
BRDA:30,7,0,0
BRDA:30,7,1,3
BRDA:31,8,0,0
BRDA:31,8,1,3
BRDA:31,9,0,3
BRDA:31,9,1,0
BRDA:44,10,0,0
BRDA:44,10,1,3
BRDA:46,11,0,1
BRDA:46,11,1,2
BRDA:50,12,0,2
BRDA:50,12,1,0
BRDA:61,13,0,0
BRDA:61,13,1,0
BRDA:75,14,0,1
BRDA:75,14,1,0
BRDA:76,15,0,0
BRDA:76,15,1,1
BRDA:79,16,0,0
BRDA:79,16,1,1
BRDA:79,17,0,1
BRDA:79,17,1,1
BRDA:84,18,0,0
BRDA:84,18,1,1
BRDA:87,19,0,0
BRDA:87,19,1,1
BRDA:93,20,0,1
BRDA:93,20,1,0
BRDA:93,21,0,1
BRDA:93,21,1,1
BRDA:93,21,2,1
BRDA:96,22,0,0
BRDA:96,22,1,1
BRDA:96,23,0,1
BRDA:96,23,1,0
BRDA:96,23,2,0
BRF:48
BRH:26
end_of_record
TN:
SF:controllers\productController.js
FN:5,(anonymous_0)
FN:41,(anonymous_1)
FN:53,(anonymous_2)
FN:68,(anonymous_3)
FN:84,(anonymous_4)
FNF:5
FNH:4
FNDA:1,(anonymous_0)
FNDA:0,(anonymous_1)
FNDA:1,(anonymous_2)
FNDA:1,(anonymous_3)
FNDA:1,(anonymous_4)
DA:1,13
DA:2,13
DA:5,13
DA:6,1
DA:7,1
DA:9,1
DA:10,1
DA:11,1
DA:12,0
DA:13,0
DA:14,0
DA:16,1
DA:18,1
DA:19,1
DA:20,1
DA:24,1
DA:35,0
DA:36,0
DA:41,13
DA:42,0
DA:43,0
DA:44,0
DA:45,0
DA:47,0
DA:48,0
DA:53,13
DA:54,1
DA:55,1
DA:56,1
DA:58,0
DA:60,0
DA:61,0
DA:63,0
DA:68,13
DA:69,1
DA:70,1
DA:71,1
DA:72,1
DA:73,1
DA:75,0
DA:76,0
DA:77,0
DA:79,0
DA:84,13
DA:85,1
DA:86,1
DA:87,1
DA:88,1
DA:89,1
DA:91,0
DA:92,0
LF:51
LH:30
BRDA:7,0,0,0
BRDA:7,1,0,0
BRDA:7,2,0,0
BRDA:7,3,0,0
BRDA:10,4,0,0
BRDA:10,4,1,1
BRDA:11,5,0,0
BRDA:11,5,1,1
BRDA:11,6,0,1
BRDA:11,6,1,1
BRDA:13,7,0,0
BRDA:13,7,1,0
BRDA:14,8,0,0
BRDA:14,8,1,0
BRDA:16,9,0,0
BRDA:16,9,1,1
BRDA:30,10,0,1
BRDA:30,10,1,0
BRDA:44,11,0,0
BRDA:44,11,1,0
BRDA:60,12,0,0
BRDA:60,12,1,0
BRDA:71,13,0,0
BRDA:71,13,1,1
BRDA:76,14,0,0
BRDA:76,14,1,0
BRDA:87,15,0,0
BRDA:87,15,1,1
BRF:28
BRH:8
end_of_record
TN:
SF:controllers\ratingController.js
FN:5,(anonymous_0)
FN:56,(anonymous_1)
FNF:2
FNH:2
FNDA:3,(anonymous_0)
FNDA:1,(anonymous_1)
DA:1,13
DA:2,13
DA:5,13
DA:6,3
DA:7,3
DA:8,3
DA:9,3
DA:12,3
DA:13,3
DA:14,1
DA:18,2
DA:23,2
DA:24,1
DA:28,2
DA:34,2
DA:46,0
DA:48,0
DA:49,0
DA:51,0
DA:56,13
DA:57,1
DA:58,1
DA:59,1
DA:60,1
DA:62,1
DA:64,1
DA:79,1
DA:90,0
DA:91,0
LF:29
LH:23
BRDA:13,0,0,1
BRDA:13,0,1,2
BRDA:20,1,0,2
BRDA:20,1,1,0
BRDA:23,2,0,1
BRDA:23,2,1,1
BRDA:24,3,0,1
BRDA:24,3,1,0
BRDA:34,4,0,1
BRDA:34,4,1,1
BRDA:42,5,0,2
BRDA:42,5,1,0
BRDA:48,6,0,0
BRDA:48,6,1,0
BRDA:59,7,0,1
BRDA:59,7,1,0
BRDA:60,8,0,1
BRDA:60,8,1,0
BRDA:85,9,0,1
BRDA:85,9,1,0
BRDA:86,10,0,1
BRDA:86,10,1,0
BRF:22
BRH:13
end_of_record
TN:
SF:controllers\userController.js
FN:8,genOTP
FN:12,addMinutes
FN:19,(anonymous_2)
FN:51,(anonymous_3)
FN:66,(anonymous_4)
FN:126,(anonymous_5)
FN:168,(anonymous_6)
FNF:7
FNH:5
FNDA:1,genOTP
FNDA:1,addMinutes
FNDA:2,(anonymous_2)
FNDA:0,(anonymous_3)
FNDA:0,(anonymous_4)
FNDA:1,(anonymous_5)
FNDA:1,(anonymous_6)
DA:1,13
DA:2,13
DA:3,13
DA:4,13
DA:5,13
DA:9,1
DA:13,1
DA:19,13
DA:20,2
DA:21,2
DA:22,2
DA:23,2
DA:25,2
DA:26,2
DA:28,2
DA:29,0
DA:32,2
DA:33,2
DA:34,0
DA:35,0
DA:36,0
DA:37,0
DA:38,0
DA:41,2
DA:42,2
DA:43,2
DA:45,0
DA:46,0
DA:51,13
DA:52,0
DA:53,0
DA:56,0
DA:57,0
DA:59,0
DA:60,0
DA:66,13
DA:67,0
DA:68,0
DA:69,0
DA:70,0
DA:72,0
DA:75,0
DA:76,0
DA:79,0
DA:80,0
DA:81,0
DA:82,0
DA:85,0
DA:89,0
DA:90,0
DA:102,0
DA:103,0
DA:104,0
DA:118,0
DA:120,0
DA:121,0
DA:126,13
DA:127,1
DA:128,1
DA:129,1
DA:130,1
DA:132,1
DA:133,1
DA:134,1
DA:135,1
DA:136,1
DA:138,1
DA:139,1
DA:140,0
DA:141,0
DA:145,1
DA:146,1
DA:148,1
DA:157,1
DA:159,1
DA:160,1
DA:162,0
DA:163,0
DA:168,13
DA:169,1
DA:170,1
DA:171,1
DA:172,1
DA:174,1
DA:175,1
DA:176,1
DA:178,1
DA:179,1
DA:180,1
DA:181,1
DA:183,1
DA:184,1
DA:185,1
DA:197,1
DA:199,0
DA:200,0
LF:96
LH:56
BRDA:22,0,0,0
BRDA:22,0,1,2
BRDA:22,1,0,2
BRDA:22,1,1,2
BRDA:26,2,0,0
BRDA:26,2,1,2
BRDA:28,3,0,0
BRDA:28,3,1,2
BRDA:28,4,0,2
BRDA:28,4,1,0
BRDA:33,5,0,0
BRDA:33,5,1,2
BRDA:34,6,0,0
BRDA:34,6,1,0
BRDA:36,7,0,0
BRDA:36,7,1,0
BRDA:56,8,0,0
BRDA:56,8,1,0
BRDA:69,9,0,0
BRDA:69,9,1,0
BRDA:69,10,0,0
BRDA:69,10,1,0
BRDA:69,10,2,0
BRDA:76,11,0,0
BRDA:76,11,1,0
BRDA:82,12,0,0
BRDA:82,12,1,0
BRDA:89,13,0,0
BRDA:89,13,1,0
BRDA:103,14,0,0
BRDA:103,14,1,0
BRDA:112,15,0,0
BRDA:112,15,1,0
BRDA:129,16,0,0
BRDA:129,16,1,1
BRDA:129,17,0,1
BRDA:129,17,1,1
BRDA:133,18,0,0
BRDA:133,18,1,1
BRDA:134,19,0,0
BRDA:134,19,1,1
BRDA:135,20,0,0
BRDA:135,20,1,1
BRDA:136,21,0,0
BRDA:136,21,1,1
BRDA:136,22,0,1
BRDA:136,22,1,1
BRDA:139,23,0,0
BRDA:139,23,1,1
BRDA:140,24,0,0
BRDA:140,24,1,0
BRDA:146,25,0,0
BRDA:146,25,1,1
BRDA:152,26,0,1
BRDA:152,26,1,0
BRDA:171,27,0,0
BRDA:171,27,1,1
BRDA:175,28,0,0
BRDA:175,28,1,1
BRDA:176,29,0,0
BRDA:176,29,1,1
BRDA:180,30,0,1
BRDA:180,30,1,0
BRDA:184,31,0,1
BRDA:184,31,1,1
BRDA:192,32,0,1
BRDA:192,32,1,0
BRF:67
BRH:26
end_of_record
TN:
SF:middleware\auth.js
FN:4,(anonymous_0)
FNF:1
FNH:1
FNDA:20,(anonymous_0)
DA:2,13
DA:4,13
DA:5,20
DA:6,20
DA:7,20
DA:9,20
DA:10,0
DA:13,20
DA:15,20
DA:16,0
DA:19,20
DA:20,20
DA:23,0
DA:24,0
DA:26,0
LF:15
LH:10
BRDA:6,0,0,20
BRDA:6,0,1,0
BRDA:9,1,0,0
BRDA:9,1,1,20
BRDA:9,2,0,20
BRDA:9,2,1,20
BRDA:15,3,0,0
BRDA:15,3,1,20
BRDA:15,4,0,20
BRDA:15,4,1,20
BRDA:15,4,2,20
BRDA:23,5,0,0
BRDA:23,5,1,0
BRF:13
BRH:8
end_of_record
TN:
SF:middleware\limits.js
FNF:0
FNH:0
DA:2,13
DA:4,13
DA:11,13
DA:18,13
LF:4
LH:4
BRF:0
BRH:0
end_of_record
TN:
SF:middleware\requireAdmin.js
FN:2,(anonymous_0)
FN:8,(anonymous_1)
FNF:2
FNH:2
FNDA:5,(anonymous_0)
FNDA:5,(anonymous_1)
DA:2,13
DA:3,5
DA:4,5
DA:6,5
DA:8,5
DA:11,5
DA:12,5
DA:13,1
DA:16,4
DA:18,0
DA:19,0
LF:11
LH:9
BRDA:4,0,0,0
BRDA:4,0,1,5
BRDA:4,1,0,5
BRDA:4,1,1,5
BRDA:6,2,0,5
BRDA:6,2,1,0
BRDA:11,3,0,5
BRDA:11,3,1,0
BRDA:12,4,0,1
BRDA:12,4,1,4
BRF:10
BRH:7
end_of_record
TN:
SF:models\index.js
FNF:0
FNH:0
DA:1,13
DA:2,13
DA:5,13
DA:6,13
DA:7,13
DA:10,13
DA:11,13
DA:12,13
DA:13,13
DA:14,13
DA:15,13
DA:16,13
DA:17,13
DA:20,13
DA:21,13
DA:23,13
DA:24,13
DA:26,13
DA:27,13
DA:29,13
DA:30,13
DA:32,13
DA:33,13
DA:36,13
LF:24
LH:24
BRF:0
BRH:0
end_of_record
TN:
SF:models\order.js
FN:1,(anonymous_0)
FN:6,(anonymous_1)
FNF:2
FNH:2
FNDA:13,(anonymous_0)
FNDA:6,(anonymous_1)
DA:1,13
DA:2,13
DA:6,6
LF:3
LH:3
BRF:0
BRH:0
end_of_record
TN:
SF:models\order_detail.js
FN:1,(anonymous_0)
FN:8,(anonymous_1)
FNF:2
FNH:2
FNDA:13,(anonymous_0)
FNDA:1,(anonymous_1)
DA:1,13
DA:2,13
DA:8,1
LF:3
LH:3
BRF:0
BRH:0
end_of_record
TN:
SF:models\payment_intent.js
FN:1,(anonymous_0)
FN:5,(anonymous_1)
FNF:2
FNH:2
FNDA:13,(anonymous_0)
FNDA:4,(anonymous_1)
DA:1,13
DA:2,13
DA:5,4
LF:3
LH:3
BRF:0
BRH:0
end_of_record
TN:
SF:models\pending_reset.js
FN:1,(anonymous_0)
FNF:1
FNH:1
FNDA:13,(anonymous_0)
DA:1,13
DA:2,13
LF:2
LH:2
BRF:0
BRH:0
end_of_record
TN:
SF:models\pending_user.js
FN:3,(anonymous_0)
FNF:1
FNH:1
FNDA:13,(anonymous_0)
DA:3,13
DA:4,13
DA:55,13
LF:3
LH:3
BRF:0
BRH:0
end_of_record
TN:
SF:models\product.js
FN:3,(anonymous_0)
FN:14,(anonymous_1)
FNF:2
FNH:2
FNDA:13,(anonymous_0)
FNDA:16,(anonymous_1)
DA:3,13
DA:4,13
DA:14,16
DA:24,13
LF:4
LH:4
BRF:0
BRH:0
end_of_record
TN:
SF:models\product_rating.js
FN:2,(anonymous_0)
FN:21,(anonymous_1)
FNF:2
FNH:2
FNDA:13,(anonymous_0)
FNDA:3,(anonymous_1)
DA:2,13
DA:3,13
DA:21,3
DA:48,13
LF:4
LH:4
BRF:0
BRH:0
end_of_record
TN:
SF:models\user.js
FN:3,(anonymous_0)
FNF:1
FNH:1
FNDA:13,(anonymous_0)
DA:1,13
DA:3,13
LF:2
LH:2
BRF:0
BRH:0
end_of_record
TN:
SF:routes\orderAdminRoutes.js
FNF:0
FNH:0
DA:1,13
DA:2,13
DA:3,13
DA:4,13
DA:6,13
DA:8,13
DA:10,13
LF:7
LH:7
BRF:0
BRH:0
end_of_record
TN:
SF:routes\orderRoutes.js
FNF:0
FNH:0
DA:1,13
DA:2,13
DA:3,13
DA:4,13
DA:5,13
DA:7,13
DA:8,13
DA:9,13
DA:11,13
LF:9
LH:9
BRF:0
BRH:0
end_of_record
TN:
SF:routes\paymentRoutes.js
FNF:0
FNH:0
DA:1,13
DA:2,13
DA:3,13
DA:4,13
DA:5,13
DA:8,13
DA:11,13
DA:13,13
LF:8
LH:8
BRF:0
BRH:0
end_of_record
TN:
SF:routes\productRoutes.js
FNF:0
FNH:0
DA:1,13
DA:2,13
DA:4,13
DA:5,13
DA:6,13
DA:7,13
DA:8,13
DA:9,13
DA:12,13
DA:13,13
DA:16,13
DA:17,13
DA:20,13
DA:21,13
DA:22,13
DA:24,13
LF:16
LH:16
BRF:0
BRH:0
end_of_record
TN:
SF:routes\userRoutes.js
FNF:0
FNH:0
DA:1,13
DA:2,13
DA:3,13
DA:4,13
DA:5,13
DA:6,13
DA:7,13
DA:8,13
DA:9,13
DA:12,13
DA:13,13
DA:15,13
DA:16,13
DA:17,13
DA:18,13
DA:20,13
DA:21,13
DA:22,13
DA:23,13
DA:25,13
DA:26,13
DA:29,13
DA:31,13
LF:23
LH:23
BRF:0
BRH:0
end_of_record
TN:
SF:services\purchases.js
FN:7,(anonymous_0)
FNF:1
FNH:1
FNDA:3,(anonymous_0)
DA:2,13
DA:3,13
DA:5,13
DA:7,13
DA:8,3
DA:23,3
LF:6
LH:6
BRDA:7,0,0,3
BRF:1
BRH:1
end_of_record
TN:
SF:tests\helpers.js
FN:9,resetDb
FN:13,createUser
FN:29,signToken
FN:33,createProduct
FNF:4
FNH:4
FNDA:13,resetDb
FNDA:10,createUser
FNDA:8,signToken
FNDA:8,createProduct
DA:1,13
DA:2,13
DA:3,13
DA:4,13
DA:5,13
DA:7,13
DA:10,13
DA:14,10
DA:15,10
DA:17,10
DA:18,10
DA:30,8
DA:34,8
DA:44,13
LF:14
LH:14
BRDA:13,0,0,0
BRDA:15,1,0,10
BRDA:15,1,1,10
BRDA:33,2,0,0
BRF:4
BRH:2
end_of_record
TN:
SF:validators\orderValidators.js
FNF:0
FNH:0
DA:2,13
DA:4,13
LF:2
LH:2
BRF:0
BRH:0
end_of_record
TN:
SF:validators\passwordValidators.js
FNF:0
FNH:0
DA:1,13
DA:3,13
DA:4,13
DA:5,13
DA:11,13
DA:15,13
LF:6
LH:6
BRF:0
BRH:0
end_of_record
TN:
SF:validators\paymentValidators.js
FNF:0
FNH:0
DA:1,13
DA:3,13
LF:2
LH:2
BRF:0
BRH:0
end_of_record
TN:
SF:validators\productValidators.js
FNF:0
FNH:0
DA:1,13
DA:3,13
DA:5,13
DA:6,13
DA:7,13
DA:8,13
DA:9,13
DA:10,13
DA:11,13
DA:12,13
DA:13,13
DA:14,13
DA:15,13
DA:17,13
DA:24,13
DA:41,13
DA:45,13
LF:17
LH:17
BRF:0
BRH:0
end_of_record
TN:
SF:validators\ratingValidators.js
FNF:0
FNH:0
DA:1,13
DA:3,13
DA:11,13
LF:3
LH:3
BRF:0
BRH:0
end_of_record
TN:
SF:validators\userValidators.js
FNF:0
FNH:0
DA:2,13
DA:4,13
DA:5,13
DA:6,13
DA:7,13
DA:9,13
DA:13,13
DA:17,13
DA:21,13
LF:9
LH:9
BRF:0
BRH:0
end_of_record
